Performing C SOURCE FILE Test CMAKE_HAVE_LIBC_PTHREAD failed with the following output:
Change Dir: /home/tonderys/GitLabProjects/SolidExamples/DependencyInversionPrinciple/bin/CMakeFiles/CMakeTmp

Run Build Command(s):/usr/bin/make cmTC_f10df/fast && /usr/bin/make  -f CMakeFiles/cmTC_f10df.dir/build.make CMakeFiles/cmTC_f10df.dir/build
make[1]: Entering directory '/home/tonderys/GitLabProjects/SolidExamples/DependencyInversionPrinciple/bin/CMakeFiles/CMakeTmp'
Building C object CMakeFiles/cmTC_f10df.dir/src.c.o
/usr/bin/cc   -DCMAKE_HAVE_LIBC_PTHREAD   -o CMakeFiles/cmTC_f10df.dir/src.c.o   -c /home/tonderys/GitLabProjects/SolidExamples/DependencyInversionPrinciple/bin/CMakeFiles/CMakeTmp/src.c
Linking C executable cmTC_f10df
/opt/cmake-3.16.6-Linux-x86_64/bin/cmake -E cmake_link_script CMakeFiles/cmTC_f10df.dir/link.txt --verbose=1
/usr/bin/cc  -DCMAKE_HAVE_LIBC_PTHREAD    -rdynamic CMakeFiles/cmTC_f10df.dir/src.c.o  -o cmTC_f10df 
CMakeFiles/cmTC_f10df.dir/src.c.o: In function `main':
src.c:(.text+0x3e): undefined reference to `pthread_create'
src.c:(.text+0x4a): undefined reference to `pthread_detach'
src.c:(.text+0x5b): undefined reference to `pthread_join'
src.c:(.text+0x6f): undefined reference to `pthread_atfork'
collect2: error: ld returned 1 exit status
CMakeFiles/cmTC_f10df.dir/build.make:89: recipe for target 'cmTC_f10df' failed
make[1]: *** [cmTC_f10df] Error 1
make[1]: Leaving directory '/home/tonderys/GitLabProjects/SolidExamples/DependencyInversionPrinciple/bin/CMakeFiles/CMakeTmp'
Makefile:124: recipe for target 'cmTC_f10df/fast' failed
make: *** [cmTC_f10df/fast] Error 2


Source file was:
#include <pthread.h>

void* test_func(void* data)
{
  return data;
}

int main(void)
{
  pthread_t thread;
  pthread_create(&thread, NULL, test_func, NULL);
  pthread_detach(thread);
  pthread_join(thread, NULL);
  pthread_atfork(NULL, NULL, NULL);
  pthread_exit(NULL);

  return 0;
}

Determining if the function pthread_create exists in the pthreads failed with the following output:
Change Dir: /home/tonderys/GitLabProjects/SolidExamples/DependencyInversionPrinciple/bin/CMakeFiles/CMakeTmp

Run Build Command(s):/usr/bin/make cmTC_0fb98/fast && /usr/bin/make  -f CMakeFiles/cmTC_0fb98.dir/build.make CMakeFiles/cmTC_0fb98.dir/build
make[1]: Entering directory '/home/tonderys/GitLabProjects/SolidExamples/DependencyInversionPrinciple/bin/CMakeFiles/CMakeTmp'
Building C object CMakeFiles/cmTC_0fb98.dir/CheckFunctionExists.c.o
/usr/bin/cc   -DCHECK_FUNCTION_EXISTS=pthread_create   -o CMakeFiles/cmTC_0fb98.dir/CheckFunctionExists.c.o   -c /opt/cmake-3.16.6-Linux-x86_64/share/cmake-3.16/Modules/CheckFunctionExists.c
Linking C executable cmTC_0fb98
/opt/cmake-3.16.6-Linux-x86_64/bin/cmake -E cmake_link_script CMakeFiles/cmTC_0fb98.dir/link.txt --verbose=1
/usr/bin/cc  -DCHECK_FUNCTION_EXISTS=pthread_create    -rdynamic CMakeFiles/cmTC_0fb98.dir/CheckFunctionExists.c.o  -o cmTC_0fb98  -lpthreads 
/usr/bin/ld: cannot find -lpthreads
collect2: error: ld returned 1 exit status
CMakeFiles/cmTC_0fb98.dir/build.make:89: recipe for target 'cmTC_0fb98' failed
make[1]: *** [cmTC_0fb98] Error 1
make[1]: Leaving directory '/home/tonderys/GitLabProjects/SolidExamples/DependencyInversionPrinciple/bin/CMakeFiles/CMakeTmp'
Makefile:124: recipe for target 'cmTC_0fb98/fast' failed
make: *** [cmTC_0fb98/fast] Error 2



