# callgrind format
version: 1
creator: callgrind-3.15.0
pid: 34
cmd:  ./dictionary -file shakespeare.txt -size 190000 -hash 2 -quick 1 -find 2 -lower 1 -verbose 1 -ngram 2
part: 1


desc: I1 cache: 
desc: D1 cache: 
desc: LL cache: 

desc: Timerange: Basic block 0 - 441860888
desc: Trigger: Program termination

positions: line
events: Ir
summary: 1730479253


ob=(1) /usr/lib/x86_64-linux-gnu/ld-2.31.so
fl=(26) /build/glibc-eX1tMB/glibc-2.31/posix/../sysdeps/unix/syscall-template.S
fn=(70) uname
78 5
+1 1

fl=(54) /build/glibc-eX1tMB/glibc-2.31/misc/../sysdeps/unix/syscall-template.S
fn=(172) mprotect
78 25
+1 5

fn=(308) munmap
78 5
+1 1

fl=(58) /build/glibc-eX1tMB/glibc-2.31/elf/dl-version.c
fn=(188) _dl_check_map_versions
156 32
+15 4
-15 8
+15 8
+2 4
+3 8
-3 4
+2 4
+1 4
-1 4
+3 8
+3 4
-16 2
-8 2
+28 2
-4 2
+4 12
+16 2
37 4
201 2
37 10
+1 5
-1 10
+2 21
cfi=(38) /build/glibc-eX1tMB/glibc-2.31/elf/dl-misc.c
cfn=(120) _dl_name_match_p
calls=7 282 
* 613
* 14
209 6
+5 2
-71 4
+71 4
-71 6
+79 2
-2 2
-2 4
+4 2
-4 12
+4 4
-2 4
-2 8
+4 4
-4 44
57 12
+8 12
-8 6
+8 6
+6 18
+16 6
+1 12
+2 6
+5 42
+14 72
+12 90
+4 30
-30 60
225 24
+3 18
+5 4
-11 4
111 6
+3 24
cfi=(22) /build/glibc-eX1tMB/glibc-2.31/string/../sysdeps/x86_64/strcmp.S
cfn=(58) strcmp
calls=6 -3 
* 196
* 26
237 8
-27 2
+41 8
+3 8
+10 35
-7 140
+3 105
-3 8
+3 6
+8 6
+89 36
165 2
+86 2
-94 2
+94 3
+23 12
cob=(2) ???
cfi=(18) ???
cfn=(40) 0x00000000040010c0
calls=3 0 
* 114
-1 3
+1 3
+1 6
+13 3
-3 3
+3 6
+2 9
+3 8
+4 6
+7 6
+1 6
-1 12
+1 6
-1 6
+1 6
+1 6
-2 6
+2 12
+1 18
+3 18
+5 4
-15 4
+2 4
-2 4
+2 4
-2 4
+2 8
-2 2
+2 2
-2 2
+2 2
-2 2
+2 4
+16 6
+10 9
+3 8
+4 35
+6 35
+1 35
+1 35
-1 105
+1 35
-1 35
+1 35
+1 35
+3 105
+4 35
-14 74
+10 6

fn=(186) _dl_check_all_versions
362 6
+4 5
-2 2
+4 24
cfn=(188)
calls=4 156 
* 2895
-2 4
+2 16
-2 8
+5 7

fl=(40) /build/glibc-eX1tMB/glibc-2.31/io/../sysdeps/unix/sysv/linux/read_nocancel.c
fn=(126) __read_nocancel
25 2
+1 8
+1 2

fl=(36) /build/glibc-eX1tMB/glibc-2.31/elf/dl-error-skeleton.c
fn=(182) _dl_receive_error
238 6
+1 1
+1 1
+3 1
+1 1
+2 1
cfi=(2) /build/glibc-eX1tMB/glibc-2.31/elf/rtld.c
cfn=(184) version_check_doit
calls=1 639 
* 2978
+2 1
+1 1
+1 4

fn=(108) _dl_catch_error
225 10
+2 2
cob=(2)
cfi=(18)
cfn=(110) 0x0000000004001090
calls=1 0 
* 2830
+1 2
+1 1
+1 1
-1 1
+1 1
+2 5

fn=(112) _dl_catch_exception
175 24
+3 6
+22 3
-1 3
+7 6
-6 3
+3 6
+3 3
cfi=(37) /build/glibc-eX1tMB/glibc-2.31/setjmp/../sysdeps/x86_64/setjmp.S
cfn=(114) __sigsetjmp
calls=3 30 
* 72
* 12
+2 9
cfi=(48) /build/glibc-eX1tMB/glibc-2.31/elf/dl-deps.c
cfn=(152) openaux
calls=2 61 
* 6060
cfi=(2)
cfn=(116) map_doit
calls=1 606 
* 2769
+2 3
-1 3
+1 3
-1 3
+1 6
+9 12

fl=(39) /build/glibc-eX1tMB/glibc-2.31/io/../sysdeps/unix/sysv/linux/open64_nocancel.c
fn=(124) __open_nocancel
34 11
+3 11
-3 33
+3 66
+8 77
+2 3
-2 24
+2 8

fl=(47) /build/glibc-eX1tMB/glibc-2.31/io/../sysdeps/unix/sysv/linux/access.c
fn=(146) access
25 1
+2 7
+4 1

fl=(1) ???
fn=(0) 0x0000000000001100
0 2
cfi=(2)
cfn=(2) _dl_start
calls=1 463 
0 126732
0 14
cfi=(102) /build/glibc-eX1tMB/glibc-2.31/elf/dl-init.c
cfn=(312) _dl_init
calls=1 79 
0 2060
0 3
cob=(5) /mnt/c/Projekty/University/ASK/lista13/ask21_lista_13/dictionary
cfi=(111) ???
cfn=(348) _start
calls=1 0 
0 1730350442

fl=(7) /build/glibc-eX1tMB/glibc-2.31/elf/../elf/dl-sysdep.c
fn=(12) _dl_sysdep_start
89 9
+25 1
-1 1
+1 112
+6 1
-3 1
+1 1
-4 1
+3 1
+3 8
-29 1
-1 2
+30 20
+1 108
+61 1
+1 1
-1 1
+1 1
-63 75
+34 1
-34 2
+35 1
-35 2
+46 1
-46 1
+47 1
-1 1
-46 3
+40 1
-40 1
+41 1
-1 1
-40 3
+37 1
-37 2
+38 1
-38 3
+13 1
-13 2
+14 1
-14 2
+10 1
-10 2
+11 1
-11 2
+7 1
-7 4
+4 1
-4 4
223 1
cfi=(8) /build/glibc-eX1tMB/glibc-2.31/elf/dl-tunables.c
cfn=(14) __GI___tunables_init
calls=1 +64 
* 15341
fi=(10) /build/glibc-eX1tMB/glibc-2.31/elf/../sysdeps/unix/sysv/linux/dl-sysdep.c
36 2
cfi=(11) /build/glibc-eX1tMB/glibc-2.31/elf/../sysdeps/unix/sysv/linux/x86_64/brk.c
cfn=(20) brk
calls=1 -8 
* 10
fi=(12) /build/glibc-eX1tMB/glibc-2.31/elf/../sysdeps/x86/cpu-features.c
322 1
-13 1
+13 1
-12 1
+1 1
+11 1
+3 6
476 3
+1 1
+3 2
+1 1
+6 1
+6 1
-5 1
+5 1
-3 1
+3 1
-4 1
+4 1
cfi=(8)
cfn=(26) __tunable_get_val
calls=1 368 
* 18
+2 4
cfi=(8)
cfn=(26)
calls=1 368 
* 20
* 1
+2 3
-2 1
+2 1
cfi=(8)
cfn=(26)
calls=1 368 
* 20
* 1
+2 3
-2 1
+2 1
cfi=(8)
cfn=(26)
calls=1 368 
* 20
* 1
+12 1
-1 1
-11 1
+12 1
+47 4
cfi=(8)
cfn=(26)
calls=1 368 
* 18
+2 4
cfi=(8)
cfn=(26)
calls=1 368 
* 18
fi=(13) /build/glibc-eX1tMB/glibc-2.31/elf/../sysdeps/unix/sysv/linux/x86/cpu-features.c
28 6
fe=(7)
234 3
+1 1
cfi=(14) /build/glibc-eX1tMB/glibc-2.31/string/../sysdeps/x86_64/multiarch/../strlen.S
cfn=(30) strlen
calls=1 41 
* 17
* 1
+2 2
cfi=(15) /build/glibc-eX1tMB/glibc-2.31/elf/../misc/sbrk.c
cfn=(32) sbrk
calls=1 32 
* 18
* 3
+12 3
+3 5
cfi=(2)
cfn=(34) dl_main
calls=1 1090 
* 109472
+1 1
+1 8
fi=(12)
515 3
+28 2
-9 3
+2 4
+1 2
+2 4
+1 2
331 6
cfn=(24) get_common_indices.constprop.0
calls=1 71 
* 99
49 4
+1 2
+1 6
+5 2
+1 6
+5 2
+1 6
336 7
+89 4
-96 1
+96 2
-99 1
+12 10
+38 2
+14 1
+10 5
+14 2
+1 1
fe=(7)

fn=(304) _dl_sysdep_start_cleanup
258 1
+1 1

fl=(27) /build/glibc-eX1tMB/glibc-2.31/elf/dl-load.c
fn=(86) expand_dynamic_string_token
378 14
234 2
378 2
234 2
378 2
234 2
cfi=(31) /build/glibc-eX1tMB/glibc-2.31/string/../sysdeps/x86_64/multiarch/../strchr.S
cfn=(88) index
calls=2 23 
* 114
+3 4
403 2
-11 2
+11 12
-11 2
cfi=(32) /build/glibc-eX1tMB/glibc-2.31/string/strdup.c
cfn=(90) strdup
calls=2 40 
* 206

fn=(82) fillin_rpath
447 7
+2 1
-2 9
+4 3
cfi=(19) /build/glibc-eX1tMB/glibc-2.31/elf/dl-minimal.c
cfn=(84) strsep
calls=1 262 
* 240
* 3
cfi=(19)
cfn=(84)
calls=1 262 
* 8
* 6
+7 2
+2 3
cfn=(86)
calls=1 -82 
* 120
* 1
+4 2
+5 2
cfi=(14)
cfn=(30)
calls=1 41 
* 17
* 1
+1 2
+7 5
+9 17
+1 8
+57 2
cob=(2)
cfi=(18)
cfn=(92) 0x0000000004001080
calls=1 0 
* 7
* 1
-39 2
+4 8
cob=(2)
cfi=(18)
cfn=(44) 0x00000000040010a0
calls=1 0 
* 27
+2 3
+5 1
+1 2
-2 2
+2 1
cfi=(20) /build/glibc-eX1tMB/glibc-2.31/string/../sysdeps/x86_64/multiarch/memmove-vec-unaligned-erms.S
cfn=(78) mempcpy
calls=1 114 
* 13
+1 1
+2 1
-3 1
+1 1
+2 1
+6 4
+1 10
+1 4
-1 2
+1 4
-1 6
+3 1
+1 1
-1 1
+1 1
+8 1
-1 1
+4 3
-60 4
+23 2
+43 1
+3 9
-15 2

fn=(128) _dl_map_object_from_fd
866 20
+10 2
-10 2
+10 2
-10 6
+10 2
cfi=(33) /build/glibc-eX1tMB/glibc-2.31/elf/dl-debug.c
cfn=(96) _dl_debug_initialize
calls=2 46 
* 18
* 2
+7 8
+61 8
+10 4
+7 8
+33 4
877 2
997 14
cfi=(17) /build/glibc-eX1tMB/glibc-2.31/elf/dl-object.c
cfn=(38) _dl_new_object
calls=2 59 
* 861
* 2
+1 4
+11 4
+5 2
-5 2
+1 2
+5 2
-5 2
+1 2
+2 2
-2 2
+2 4
+1 6
+20 4
-2 2
+2 34
+8 2
-8 2
+8 2
-8 2
+8 6
+90 2
-96 2
+96 2
-97 2
-5 4
1132 4
-89 194
fi=(41) /build/glibc-eX1tMB/glibc-2.31/elf/../sysdeps/posix/dl-fileid.h
37 8
cfi=(42) /build/glibc-eX1tMB/glibc-2.31/io/../sysdeps/unix/sysv/linux/wordsize-64/fxstat.c
cfn=(132) _fxstat
calls=2 -4 
* 22
* 4
fe=(27)
901 4
fi=(41)
40 4
+1 2
fe=(27)
901 2
fi=(41)
40 2
fe=(27)
901 23
+1 10
fi=(41)
49 12
fe=(27)
1417 18
1018 9
-98 4
1066 40
+5 56
+8 8
+1 8
+1 8
-2 8
+1 16
+1 24
-1 8
+1 8
-1 16
+1 32
+3 8
-3 8
+1 16
+2 8
+4 16
+1 36
+5 12
-1 6
+1 6
-1 6
-14 6
+15 30
-52 36
+52 4
-1 2
+1 2
-1 2
-14 2
+15 10
-52 114
1157 4
1010 4
1170 4
+10 8
fi=(44) /build/glibc-eX1tMB/glibc-2.31/elf/./dl-map-segments.h
56 2
fe=(27)
1180 4
fi=(44)
56 4
fe=(27)
1180 6
fi=(44)
56 4
-6 2
+6 2
-6 2
+6 2
cfi=(43) /build/glibc-eX1tMB/glibc-2.31/misc/../sysdeps/unix/sysv/linux/mmap64.c
cfn=(136) mmap
calls=2 -8 
* 40
* 2
+4 4
+3 4
+1 2
+2 2
-3 2
+1 2
+2 2
+7 10
cfi=(54)
cfn=(172)
calls=1 +5 
* 6
* 2
+7 2
+2 2
fi=(45) /build/glibc-eX1tMB/glibc-2.31/elf/./dl-load.h
+8 16
+1 6
+2 16
fi=(44)
+11 32
+6 2
+2 2
-2 2
+1 2
+2 4
-1 4
+3 4
+5 4
+3 4
+8 14
cfi=(30) /build/glibc-eX1tMB/glibc-2.31/string/../sysdeps/x86_64/multiarch/memset-vec-unaligned-erms.S
cfn=(80) memset
calls=2 -23 
* 314
+1 4
+5 4
+12 8
-59 40
+2 30
+2 48
cfi=(43)
cfn=(136)
calls=6 -46 
* 108
* 12
fe=(27)
1107 3
+4 1
+1 2
+1 1
+3 5
+1 1
+3 1
-3 1
+8 4
-65 2
+1 1
+88 20
cfi=(21) /build/glibc-eX1tMB/glibc-2.31/elf/../sysdeps/x86/dl-prop.h
cfn=(134) _dl_process_pt_note
calls=4 153 
* 309
* 16
1049 4
+5 4
+1 8
-37 5
+1 2
-1 1
+1 2
cfi=(53) /build/glibc-eX1tMB/glibc-2.31/io/../sysdeps/unix/sysv/linux/pread64_nocancel.c
cfn=(170) __pread64_nocancel
calls=1 29 
* 7
* 2
+24 28
1144 8
+2 2
-6 4
+1 2
+51 8
+9 6
fi=(3) /build/glibc-eX1tMB/glibc-2.31/elf/get-dynamic-info.h
42 2
+6 2
-2 2
+2 4
+15 2
+5 2
+3 2
-2 2
-2 2
-3 4
-1 40
+1 24
-16 8
+26 8
-26 53
+26 37
-26 74
+2 90
+23 74
-8 10
+3 8
+3 8
+1 8
+9 4
+20 7
+1 8
+1 8
+1 8
+2 8
+5 8
+1 7
+1 8
+5 6
+5 4
+7 4
+1 6
+18 6
+5 2
+2 2
+2 2
+2 2
+3 6
+2 3
+1 2
+9 2
+5 2
+3 4
fe=(27)
1208 4
+2 4
+19 6
+19 4
+2 10
+48 6
+1 2
+3 2
cfi=(46) /build/glibc-eX1tMB/glibc-2.31/io/../sysdeps/unix/sysv/linux/close_nocancel.c
cfn=(144) __GI___close_nocancel
calls=1 25 
* 6
* 2
cfi=(46)
cfn=(144)
calls=1 25 
* 6
* 4
+9 4
+2 8
+2 4
+16 4
cfi=(6) /build/glibc-eX1tMB/glibc-2.31/elf/dl-lookup.c
cfn=(10) _dl_setup_hash
calls=2 961 
* 48
+4 4
+1 4
+17 4
+4 2
+5 2
-5 2
+5 2
+10 4
+9 4
+1 4
+5 1
cfi=(34) /build/glibc-eX1tMB/glibc-2.31/elf/../elf/dl-tls.c
cfn=(174) _dl_next_tls_modid
calls=1 48 
* 7
* 1
+7 3
cfi=(17)
cfn=(50) _dl_add_to_namespace_list
calls=1 31 
* 48
* 3
cfi=(17)
cfn=(50)
calls=1 31 
* 44
+4 6
fi=(45)
94 5
+2 1
-1 2
+1 1
-1 1
+1 1
-1 1
+1 1
-1 2
+3 4
fe=(27)
1354 2
fi=(44)
141 8
cfi=(43)
cfn=(136)
calls=1 -93 
* 18
+3 2
fe=(27)
1018 2
fi=(41)
49 2
fe=(27)

fn=(72) _dl_init_paths
681 2
+13 2
-13 8
+13 3
cfi=(28) /build/glibc-eX1tMB/glibc-2.31/elf/dl-hwcaps.c
cfn=(74) _dl_important_hwcaps
calls=1 42 
* 747
+5 1
-5 1
+5 1
cob=(2)
cfi=(18)
cfn=(44)
calls=1 0 
* 27
-1 1
+2 2
+7 2
+1 4
-1 3
+4 4
cob=(2)
cfi=(18)
cfn=(44)
calls=1 0 
* 27
* 2
+2 2
+7 1
+10 1
-2 2
+2 1
+3 2
+9 1
-7 1
+7 2
-3 1
-20 1
+12 1
+3 1
+8 1
-3 17
cfi=(30)
cfn=(80)
calls=4 108 
* 52
+3 18
-14 9
+14 3
-12 6
+4 3
+4 3
-7 3
+3 3
+1 3
-2 3
+5 3
+1 3
-4 3
+4 3
+14 1
-11 1
+6 1
+1 1
+5 2
+2 4
+2 3
+38 5
-19 1
-2 1
+2 2
+21 2
cfi=(14)
cfn=(30)
calls=1 41 
* 17
* 10
-7 2
+7 9
cfi=(20)
cfn=(48) memcpy
calls=1 127 
* 11
* 1
+5 4
-1 2
+2 56
-1 57
+5 1
cob=(2)
cfi=(18)
cfn=(44)
calls=1 0 
* 27
-1 1
+1 1
+1 2
+6 6
cfn=(82)
calls=1 447 
* 588
+3 3
+6 1
+4 8
-30 2

fn=(122) open_verify.constprop.1
1466 1
+70 1
-70 4
+70 1
-70 6
+70 1
cfi=(39)
cfn=(124)
calls=1 34 
* 19
* 1
+2 2
+11 2
+6 1
-6 1
+1 2
+5 5
cfi=(40)
cfn=(126)
calls=1 25 
* 6
+2 2
+2 3
+2 2
+6 2
+16 9
1761 2
cob=(2)
cfi=(18)
cfn=(92)
calls=1 0 
* 7
+4 9
1583 7
+74 2
+5 2
+2 4
+6 2
+6 1
+1 1
-1 3
+1 1
-1 1
+1 2
+1 2
+20 4
1543 2
1698 66
+1 28
+1 8
+4 8
+17 4
+8 12
+3 18
+3 2
-4 2
+4 4
+6 4
-36 6

fn=(154) open_path
1779 8
+1 1
-1 6
+1 1
+6 2
+5 17
-7 1
1443 2
1791 1
-8 1
+8 2
+3 2
+9 6
+7 3
+1 1
-1 1
cfi=(20)
cfn=(78)
calls=1 114 
* 13
-12 1
+12 1
+55 2
-22 8
-32 27
+3 8
-3 8
+3 8
+4 56
cfi=(20)
cfn=(78)
calls=8 114 
* 109
* 32
cfi=(20)
cfn=(78)
calls=8 114 
* 104
+3 16
+3 24
+3 48
cfn=(156) open_verify.constprop.0
calls=8 1466 
* 424
* 8
+2 24
+2 16
+62 1
+27 9
-24 8
+7 2
-2 2
+2 2
+3 3
-95 16
+25 16
+1 56
+6 16
+2 24
-2 16
+2 8
cfi=(49) /build/glibc-eX1tMB/glibc-2.31/io/../sysdeps/unix/sysv/linux/wordsize-64/xstat.c
cfn=(158) _xstat
calls=8 33 
* 109
* 8
+3 8
-3 16
+1 1
+2 1
-2 1
+2 23
-57 2

fn=(156)
1466 99
+39 27
+31 36
cfi=(39)
cfn=(124)
calls=9 34 
* 195
* 9
+2 18
+11 2
+6 1
-6 1
+1 2
+5 5
cfi=(40)
cfn=(126)
calls=1 25 
* 6
+2 2
+2 3
+2 2
+6 2
+16 9
-65 8
1765 81
1583 7
+74 2
+5 2
+2 4
+6 2
+6 1
+1 1
-1 3
+1 1
-1 1
+1 2
+21 4
1543 2
1698 48
+1 24
+1 8
+4 8
+6 4
+1 32
+10 14
cfi=(53)
cfn=(170)
calls=2 29 
* 14
* 12
+8 18
+15 2
+6 3
-3 1
+1 1
+3 1
-3 2
+1 1
-1 1
-1 1
+4 2
1583 3
1761 2
cob=(2)
cfi=(18)
cfn=(92)
calls=1 0 
* 7
* 1
-29 18
+3 2
-4 2
+4 4
+5 1
+1 4
-60 15
+1 2
-1 1
+1 3
cfi=(53)
cfn=(170)
calls=1 29 
* 7
* 8

fn=(118) _dl_map_object
1927 30
+8 6
+1 12
+3 42
+5 49
+2 21
cfi=(38)
cfn=(120)
calls=7 282 
* 682
* 14
+4 12
+1 18
+3 2
+1 2
+1 2
-1 2
+1 2
cfi=(22)
cfn=(58)
calls=2 111 
* 50
* 4
2238 27
1972 12
-43 2
+53 6
+36 4
-2 2
+2 2
cfi=(31)
cfn=(88)
calls=2 23 
* 48
* 4
2169 2
-1 3
cfn=(86)
calls=1 378 
* 246
+2 1
-3 1
+1 1
+2 2
+4 4
cfn=(122)
calls=1 1466 
* 285
* 1
+3 2
+12 4
+46 1
+1 3
-1 1
+1 9
cfn=(128)
calls=1 866 
* 1851
-1 1
+1 3
-1 1
+1 9
cfn=(128)
calls=1 866 
* 2275
* 6
2022 2
cfi=(14)
cfn=(30)
calls=1 41 
* 17
* 2
+2 2
+7 4
+36 12
cfn=(154)
calls=1 1779 
* 1340
+6 1
-6 1
+6 4
659 1
2074 1
659 2
2161 2
+28 4
+2 4
2035 5
+8 4
-3 3
659 1
2041 1
659 2
2082 1
+14 2
+2 3
+4 2
cfi=(50) /build/glibc-eX1tMB/glibc-2.31/elf/dl-cache.c
cfn=(160) _dl_load_cache_lookup
calls=1 187 
* 1153
* 1
+2 2
+4 2
+8 3
+23 6
cfn=(156)
calls=1 1466 
* 393
+4 2
-4 1
+4 1
+1 2
-89 4
+1 8
659 1
2057 1
659 2
2066 2
+1 2

fn=(150) _dl_dst_count
231 4
+3 2
-3 4
+7 2
-7 4
+3 2
cfi=(31)
cfn=(88)
calls=2 23 
* 72
+3 4
+20 14

fl=(102)
fn=(314) call_init.part.0
28 32
+8 4
-8 4
+11 4
-3 8
+3 12
+5 9
+5 4
+9 12
cob=(3) /usr/lib/x86_64-linux-gnu/libc-2.31.so
cfi=(104) /build/glibc-eX1tMB/glibc-2.31/csu/init-first.c
cfn=(326) _init
calls=1 -6 
* 94
cob=(2)
cfi=(18)
cfn=(316) 0x0000000004831000
calls=1 -58 
* 7
* 2
+4 4
+6 2
+2 4
-2 4
+3 10
+1 8
cob=(3)
cfi=(108) /build/glibc-eX1tMB/glibc-2.31/libio/vtables.c
cfn=(336) check_stdfiles_vtables
calls=1 +11 
* 12
cob=(4) /usr/lib/x86_64-linux-gnu/valgrind/vgpreload_core-amd64-linux.so
cfi=(103) ???
cfn=(320) 0x0000000000001120
calls=1 -72 
* 12
* 4
cob=(3)
cfi=(109) /build/glibc-eX1tMB/glibc-2.31/string/../sysdeps/x86/cacheinfo.c
cfn=(338) init_cacheinfo
calls=1 488 
* 1691
-1 9
+3 24
-29 3
-5 3

fn=(312)
79 12
+1 1
+1 1
+3 3
+8 2
+25 1
+1 5
+1 2
-89 2
+89 6
-89 18
cfn=(314)
calls=3 -2 
* 1910
+88 12
+7 8
-95 3
cfn=(314)
calls=1 -2 
* 72
+57 2

fl=(50)
fn=(306) _dl_unload_cache
348 1
+1 4
-1 1
+3 2
cfi=(54)
cfn=(308)
calls=1 78 
* 6
+1 1
+2 2

fn=(160)
187 10
+8 2
+3 3
+72 5
+11 1
-2 1
fi=(52) /build/glibc-eX1tMB/glibc-2.31/elf/../sysdeps/x86/dl-procinfo.h
39 2
+3 3
cfi=(22)
cfn=(58)
calls=1 +69 
* 25
* 4
fe=(50)
285 4
cfi=(8)
cfn=(26)
calls=1 +83 
* 20
* 2
+8 2
+15 93
cfn=(168) _dl_cache_libcmp
calls=7 141 
* 514
* 50
cfn=(168)
calls=1 141 
* 71
* 6
-14 1
-1 2
+1 2
-1 2
+15 22
+16 2
+4 2
+8 3
cfi=(14)
cfn=(30)
calls=1 41 
* 35
* 13
+1 2
-1 1
+1 1
cfi=(20)
cfn=(48)
calls=1 127 
* 11
* 1
+1 1
cfi=(32)
cfn=(90)
calls=1 40 
* 91
+1 8
-3 2
201 4
cfi=(38)
cfn=(162) _dl_sysdep_read_whole_file
calls=1 44 
* 99
* 1
+8 5
+1 8
+3 1
fi=(51) /build/glibc-eX1tMB/glibc-2.31/elf/../sysdeps/generic/dl-cache.h
-60 5
fe=(50)
320 7
218 1
+1 2

fn=(168)
141 8
+1 34
+2 160
+20 78
+2 78
+5 64
-1 32
+1 32
-29 64
+32 3
-28 2
+6 1
+2 1
-2 1
+1 2
-1 1
+2 3
+2 3
-3 1
+3 1
+2 2
+9 14

fl=(122) /build/glibc-eX1tMB/glibc-2.31/elf/dl-open.c
fn=(396) _dl_find_dso_for_object
201 9
+4 3
+1 4
+1 12
+1 2
-2 6
+5 2
+4 7

fl=(42)
fn=(132)
33 12
+1 6
+1 12
+4 3

fl=(32)
fn=(90)
40 15
+1 3
cfi=(14)
cfn=(30)
calls=3 * 
* 113
* 3
+1 6
cob=(2)
cfi=(18)
cfn=(44)
calls=3 -42 
* 81
+2 6
+4 3
-1 9
+1 6
-1 3
cfi=(20)
cfn=(48)
calls=3 +80 
* 49

fl=(46)
fn=(144)
25 3
+1 12
+1 3

fl=(2)
fn=(190) init_tls
699 1
+2 1
+4 1
-4 1
+4 1
+11 1
-1 3
cob=(2)
cfi=(18)
cfn=(40)
calls=1 0 
* 38
-4 1
+15 1
-12 1
+6 1
-9 1
+11 1
+4 1
+2 3
-1 2
+3 12
+4 1
+2 1
-2 1
-5 3
-1 2
+10 2
+3 1
cfi=(34)
cfn=(192) _dl_determine_tlsoffset
calls=1 135 
* 70
+7 1
cfi=(34)
cfn=(194) _dl_allocate_tls_storage
calls=1 332 
* 394
* 1
+1 2
+6 1
+3 1
-3 1
+3 6
+6 1
-3 1
+3 2
-35 3
-1 7

fn=(102) handle_preload_list
858 10
+5 5
-4 1
+10 2
-3 3
cfi=(35) /build/glibc-eX1tMB/glibc-2.31/string/../sysdeps/x86_64/strcspn.S
cfn=(104) strcspn
calls=1 28 
* 273
* 1
+1 3
+9 1
168 1
878 2
168 2
880 2
780 2
-10 1
+8 1
+2 2
-6 1
+6 1
-5 1
+1 1
+4 1
cob=(2)
cfi=(18)
cfn=(106) 0x00000000040010f0
calls=1 0 
* 2855
+1 3
+8 4
+74 2
+21 9
-15 4
cfi=(20)
cfn=(48)
calls=1 127 
* 27
+1 2

fn=(2)
463 10
66 3
fi=(5) /build/glibc-eX1tMB/glibc-2.31/elf/../sysdeps/x86_64/dl-machine.h
-7 1
fe=(2)
+7 1
fi=(3)
-18 1
fi=(5)
+11 2
fe=(2)
507 1
-3 1
fi=(3)
48 2
+15 1
+5 1
+3 1
+1 1
+1 1
-4 1
-2 1
-3 2
-1 20
+1 12
-16 4
+26 4
-26 8
+2 36
+23 13
-25 13
+26 13
-26 27
+26 1
-26 2
+33 2
+20 4
+1 4
+1 4
+1 4
+2 4
+5 4
+1 4
+1 4
+5 3
+5 2
+7 3
+1 3
+8 3
+3 3
+4 2
+1 2
fe=(2)
518 2
+7 1
66 1
430 1
66 3
430 1
cfi=(6)
cfn=(10)
calls=1 961 
* 24
+1 1
+18 2
-18 1
+1 2
+1 2
+1 2
+9 1
+6 1
cfi=(7)
cfn=(12)
calls=1 89 
* 125648
* 1
+2 2
+99 9
fi=(3)
65 5
+3 4
fe=(2)
523 25
fi=(4) /build/glibc-eX1tMB/glibc-2.31/elf/do-rel.h
84 1
-1 1
+28 3
+1 2
fi=(5)
541 2
fi=(4)
112 82
fi=(5)
541 82
+1 42
fi=(4)
111 42
fi=(5)
542 84
fi=(4)
111 84
+5 2
fi=(5)
421 1
fi=(4)
124 2
fi=(5)
333 18
fi=(4)
124 27
+12 9
+3 9
-3 9
fi=(5)
301 9
fi=(4)
139 9
-3 9
+1 18
fi=(5)
301 18
+8 90
+3 18
+21 45
fi=(3)
71 4
+1 3
+1 2
fi=(5)
353 18
+1 9
fe=(2)

fn=(52) rtld_lock_default_lock_recursive
801 6
+1 6
+1 6

fn=(34)
1090 2
+12 1
-12 10
+12 1
+4 2
-16 1
+22 1
-22 1
+16 1
+6 1
-6 1
2533 1
+7 1
1106 1
2535 1
-2 1
+7 3
1106 1
2540 1
-4 1
+4 1
+2 4
cfi=(16) /build/glibc-eX1tMB/glibc-2.31/elf/dl-environ.c
cfn=(36) _dl_next_ld_env_entry
calls=1 28 
* 59
* 4
cfi=(16)
cfn=(36)
calls=2 28 
* 182
* 9
+4 6
-2 2
+2 42
+1 19
-1 57
+9 12
2704 3
+32 3
1122 3
2631 3
+1 3
-56 2
+7 2
1330 7
cfi=(17)
cfn=(38)
calls=1 59 
* 231
* 1
+2 2
+1 1
+1 1
+5 2
-5 1
+1 2
+4 1
cfi=(17)
cfn=(50)
calls=1 31 
* 35
+1 2
1099 1
1369 1
-5 1
-2 1
+4 1
+3 1
-5 1
+5 5
+56 1
1096 1
1425 1
-15 2
-22 1
+22 1
+15 3
-55 104
fi=(21)
142 3
+1 1
+1 2
+1 1
fe=(2)
1369 24
1478 7
+3 2
+2 2
+2 3
+13 3
+3 2
-2 1
+2 1
-2 2
cfi=(22)
cfn=(58)
calls=1 111 
* 25
* 2
+7 1
+3 1
-5 1
+3 1
+2 1
+1 2
+4 2
+2 2
fi=(3)
33 1
+9 2
+6 1
-2 1
+2 2
+15 1
+5 1
+4 1
-1 1
-2 1
-5 2
-1 24
+1 15
-16 5
+26 5
-26 10
+2 52
+23 21
-25 21
+26 21
-26 42
+33 3
+20 3
+1 4
+1 4
+1 4
+2 4
+5 4
+1 4
+1 4
+5 3
+5 2
+7 2
+1 3
+18 3
+5 2
+2 2
+2 2
+2 2
+3 3
+2 3
+1 2
+9 2
+5 2
+3 2
fe=(2)
1521 2
cfi=(6)
cfn=(10)
calls=1 961 
* 24
+3 2
fi=(23) /build/glibc-eX1tMB/glibc-2.31/elf/./setup-vdso.h
24 2
fi=(21)
+35 6
190 2
67 2
189 1
67 1
189 1
64 1
+3 1
-2 1
+2 3
+70 5
-1 1
-69 4
+3 4
+1 2
+1 2
+4 3
+4 3
+3 3
+1 2
+4 1
+1 3
+11 1
+1 4
+5 2
-12 2
-1 1
+1 2
+3 2
fe=(2)
1398 1
-9 1
+27 1
-27 1
+2 1
-3 1
+10 2
-19 2
-10 1
+10 1
-10 2
+56 8
-1 4
+1 4
-1 4
+2 8
+1 1
+3 2
+1 2
-1 6
+1 6
+1 4
+1 10
+1 1
-65 3
+5 2
-5 1
+5 1
-5 2
+1 14
+95 2
-96 1
+96 2
-96 3
fi=(24) /build/glibc-eX1tMB/glibc-2.31/elf/../sysdeps/unix/sysv/linux/dl-vdso.h
40 1
+1 2
fi=(25) /build/glibc-eX1tMB/glibc-2.31/elf/../sysdeps/unix/sysv/linux/dl-vdso-setup.h
+4 1
fe=(2)
1549 2
cfi=(10)
cfn=(68) _dl_discover_osversion
calls=1 46 
* 88
* 8
fi=(3)
65 5
fe=(2)
1461 1
-92 1
+92 1
-92 2
fi=(3)
68 4
+3 4
+1 4
fe=(2)
1554 2
cfi=(27)
cfn=(72)
calls=1 681 
* 1823
+3 3
cfi=(33)
cfn=(96)
calls=1 46 
* 18
+7 1
-7 1
+2 1
+5 1
+4 1
+3 1
-3 3
+1 2
+3 1
+5 1
-7 1
+7 1
+18 2
+1 2
+5 1
-3 2
+2 1
+1 2
+5 3
+1 5
-1 2
+15 3
+1 1
-2 1
+2 3
+18 1
cfi=(34)
cfn=(98) _dl_count_modids
calls=1 108 
* 6
* 1
+8 3
+3 2
+4 3
+5 2
+1 1
cfi=(33)
cfn=(100) _dl_debug_state
calls=1 73 
* 2
+1 1
+4 3
+16 3
+2 1
+2 2
+8 2
+15 3
cfi=(47)
cfn=(146)
calls=1 25 
* 9
* 2
+76 4
66 1
1805 1
66 2
1805 1
66 1
1805 6
cfi=(48)
cfn=(148) _dl_map_object_deps
calls=1 159 
* 7660
73 1
1810 1
73 2
+9 2
1810 2
+1 5
-1 4
+1 6
-1 12
+4 3
+1 3
+1 1
+2 3
+1 4
-1 6
+1 12
+12 1
+1 1
-1 2
+1 2
+2 1
+2 3
+2 1
-4 1
+5 1
-1 2
+14 2
+1 2
+1 3
1609 2
+6 1
-6 2
+6 1
-37 6
fi=(3)
181 3
-20 2
fe=(2)
1567 4
1865 1
+1 1
-1 1
+2 4
-2 3
+2 1
cfi=(36)
cfn=(182)
calls=1 238 
* 2995
+10 1
+1 1
-1 1
+1 1
+3 2
817 1
fi=(216) /build/glibc-eX1tMB/glibc-2.31/elf/../sysdeps/unix/sysv/linux/dl-osinfo.h
64 2
fe=(2)
819 1
fi=(216)
77 1
fe=(2)
828 1
+7 1
-5 1
1886 3
2116 3
+60 1
+6 1
-10 1
+10 1
-6 1
+9 2
+8 1
fi=(21)
33 3
cfi=(59) /build/glibc-eX1tMB/glibc-2.31/elf/../sysdeps/x86/dl-cet.c
cfn=(196) _dl_cet_check
calls=1 343 
* 31
fe=(2)
2239 3
+3 1
66 2
2246 1
66 2
2247 16
+2 8
+5 8
+2 8
+6 4
+2 8
+1 24
cfi=(60) /build/glibc-eX1tMB/glibc-2.31/elf/dl-reloc.c
cfn=(200) _dl_relocate_object
calls=3 148 
* 84729
+4 10
+1 3
cfi=(34)
cfn=(300) _dl_add_to_slotinfo
calls=1 887 
* 28
* 1
+13 4
+2 1
+7 3
cfi=(34)
cfn=(302) _dl_allocate_tls_init
calls=1 437 
* 132
+3 2
-37 1
+1 1
-3 2
73 3
+1 1
2278 1
74 1
2278 1
1829 5
2304 3
+2 2
+24 1
cfi=(7)
cfn=(304)
calls=1 258 
* 2
+4 3
+21 3
cfi=(33)
cfn=(96)
calls=1 46 
* 9
+1 1
-1 1
+2 1
cfi=(33)
cfn=(100)
calls=1 73 
* 2
+1 1
+4 1
cfi=(50)
cfn=(306)
calls=1 348 
* 17
+5 8
2583 4
+2 2
+1 1
+46 2
+2 2
+1 1
fi=(25)
30 5
+3 1
+3 1
+3 1
fi=(24)
+16 2
fe=(2)
+11 1
2319 1
+1 3
66 3
2320 2
cfi=(60)
cfn=(200)
calls=1 148 
* 6151
73 3
+9 3
fi=(21)
+31 2
+3 1
+4 1
fe=(2)
1879 1
cfn=(190)
calls=1 699 
* 573
* 2
66 1
1690 1
66 2
1690 1
66 1
1690 2
cfn=(102)
calls=1 858 
* 3223
* 1
73 3
+9 3
1789 17
+1 1
-1 1
+4 3
+1 1
+1 2
+1 2
-7 2

fn=(54) rtld_lock_default_unlock_recursive
807 6
+1 6
+1 6

fn=(116)
606 2
+2 1
-2 1
+2 1
+1 2
-1 2
+1 3
cfi=(27)
cfn=(118)
calls=1 1927 
* 2754
* 1
+2 2

fn=(184)
639 3
+2 4
cfi=(58)
cfn=(186)
calls=1 362 
* 2967
* 2
+4 2

fl=(53)
fn=(170)
29 12
+1 24
+1 6

fl=(117) /build/glibc-eX1tMB/glibc-2.31/elf/../elf/dl-runtime.c
fn=(378) _dl_fixup
66 9
+6 6
-6 3
+3 6
+3 9
-4 3
+5 3
+2 3
-2 15
+2 3
-2 3
+2 3
+5 6
+4 6
+4 9
+4 6
+1 12
-7 12
+16 3
-1 3
+1 6
+10 30
cfi=(6)
cfn=(208) _dl_lookup_symbol_x
calls=3 841 
* 1797
* 3
+4 15
+10 27
+7 3
+8 12
+4 9
fi=(5)
+97 3
fe=(117)
-93 9

fl=(6)
fn=(212) check_match
75 1430
+3 220
+13 432
-13 432
+13 216
+3 400
cfi=(22)
cfn=(58)
calls=46 +17 
* 2120
* 92
+4 108
+1 216
+2 214
+19 214
+1 856
+39 108
+7 648
-18 2
+2 2
+1 1
-1 2
+1 3
-1 2
+16 12
-45 321
cfi=(22)
cfn=(58)
calls=107 -11 
* 2675
* 214
-44 8
+82 4

fn=(208)
841 1170
582 117
841 468
582 351
-1 234
+2 117
-1 117
+1 351
-1 351
+1 1409
-1 1409
+1 4227
-1 4344
847 117
-4 117
+1 117
+7 117
-8 117
+1 117
+7 331
+3 585
+6 234
-7 702
+7 54
+1 1521
cfn=(210) do_lookup_x
calls=117 368 
* 39155
* 459
+5 234
+24 864
+40 432
+14 324
+3 432
+5 108
+2 1053
-86 54
+17 9
+1 18
+59 2

fn=(210)
368 936
+1 117
-1 702
+48 117
+35 351
-65 117
-11 117
+41 117
-30 234
+65 234
-51 1074
+4 358
+4 358
-3 358
+3 716
+1 1074
+3 358
+1 716
+7 716
-3 716
-2 358
+5 1074
+3 2506
571 759
379 722
+3 722
+4 740
+4 716
+4 716
+88 216
fi=(61) /build/glibc-eX1tMB/glibc-2.31/elf/../sysdeps/generic/ldsodefs.h
126 324
fe=(6)
533 216
+3 808
+16 540
+2 216
427 333
-1 222
+2 222
+2 111
+6 333
-6 111
+6 999
+7 342
-10 1110
+3 110
-1 220
+1 220
-1 110
+2 220
-1 1320
cfn=(212)
calls=110 75 
* 10952
+4 334
574 9
+1 936
-35 42
-66 6
325 18
-31 756

fn=(10)
961 4
+3 12
+2 4
+2 8
+2 4
-1 4
+3 12
+1 4
+4 4
-3 4
+7 4
-7 4
+3 4
-1 4
+3 4
+2 4
-7 4
+7 4
+5 4

fl=(30)
fn=(80)
108 13
+1 65
+6 13
+1 13
+1 6
+1 6
+2 4
+1 4
+2 4
+65 2
+1 2
+10 2
+1 2
+1 2
+1 2
+1 2
+1 2
+1 2
+1 2
+1 2
+1 2
+1 2
+1 2
+1 2
+1 2
+2 40
+1 40
+1 40
+1 40
+1 40
+1 40
+1 40
+1 2
+15 7
+1 7
+1 7
+1 6
+1 6
+1 2
+1 2
+24 1
+1 1
+2 1
+3 4
+1 4
+2 4
+3 2
+1 2
+2 2

fl=(14)
fn=(30)
41 13
+38 13
+1 13
+1 13
+1 13
+1 13
+1 13
+1 13
+2 13
+2 13
+31 13
+1 13
+1 13
+1 13
+1 13
+1 7
+2 7
+4 6
+1 6
+1 6
+1 6
+1 6
+1 6
+1 6
+1 6
+1 6
+1 6
+1 6
+1 6
+5 42
+74 3
+1 3
+1 3
+1 3
+1 3
+1 3
+1 3
+1 3
+16 3
+2 3
+1 42
+2 3
+1 3
+1 3
+2 3

fl=(15)
fn=(32)
32 5
+8 6
+4 2
+16 5

fl=(57) /build/glibc-eX1tMB/glibc-2.31/elf/dl-sort-maps.c
fn=(180) _dl_sort_maps
28 26
+2 4
+4 38
+1 6
-1 2
+1 4
cfi=(30)
cfn=(80)
calls=2 +73 
* 32
* 16
-2 8
+6 8
+3 2
-3 4
+1 6
+2 2
-3 16
+3 4
-3 8
+1 12
+2 4
+12 24
+2 12
+1 8
-1 6
+1 4
+33 12
-36 24
+61 30
+7 16
-63 18
+1 12
+58 24
cfi=(30)
cfn=(80)
calls=4 -10 
* 68
* 12
-28 9
-44 12

fl=(8)
fn=(14)
287 9
-9 5
67 107
+6 34
-3 34
+3 2066
+4 68
+5 68
fi=(9) /build/glibc-eX1tMB/glibc-2.31/elf/dl-tunables.h
+37 34
fe=(8)
-37 136
fi=(9)
+38 20
-1 70
+1 20
-1 34
+1 68
fe=(8)
328 136
-12 4420
fi=(9)
119 1836
+1 812
-1 906
+1 812
fe=(8)
310 3536
70 34
-3 68
362 8

fn=(26)
368 20
+3 120
+9 20
-9 74
+9 3
+17 100
+2 20
-9 17
+1 17

fl=(19)
fn=(94) free
109 3
+2 12

fn=(46) malloc
49 110
+1 88
+11 44
+3 22
-3 22
+3 128
+18 22
+1 22
+2 88
-16 4
+1 2
+2 1
+1 7
cfi=(43)
cfn=(136)
calls=1 -25 
* 20
* 1
+2 2
+2 2
+2 4
-23 1
-1 1
+1 1
+1 2
-2 2

fn=(42) calloc
92 16
+4 8
+4 8
-1 16
+1 16
+3 8
cob=(2)
cfi=(18)
cfn=(44)
calls=8 0 
* 262

fn=(84)
262 2
+3 4
+2 2
+1 4
+4 33
+7 84
-2 56
+13 1
+4 4
-22 14
+15 14
-15 30

fl=(20)
fn=(78)
114 26
+1 26
+1 26
+1 26
+17 26
+1 26
+1 4
+1 4
+5 3
+1 3
+1 3
+1 3
+5 3
280 22
+1 22
+1 8
+1 8
+1 3
+1 3
+1 1
+4 1
+22 14
+1 14
+1 14
+1 14
+1 14
+3 5
+1 5
+1 5
+1 5
+1 5
+3 2
+1 2
+1 2
+1 2
+1 2
+10 1
+1 1
+1 1
+1 1
+2 1
+1 1
+1 1
+1 1
+1 1
+1 1
+1 1
+1 1
+1 1
+1 1
+1 1
+1 1
+1 1
+1 1
+1 1
+1 1
+2 1

fn=(48)
127 17
+1 17
+6 17
+1 17
+1 8
+1 8
+5 5
+1 5
+1 5
+1 5
+5 5
280 9
+1 9
+1 1
+1 1
+1 1
+1 1
+1 1
+1 1
+1 1
+2 1
+22 8
+1 8
+1 8
+1 8
+1 8
+24 3
+1 3
+1 3
+1 3
+2 3
+1 3
+1 3
+1 3
+1 3
+1 3
+1 3
+1 3
+1 3
+1 3
+1 3
+1 3
+1 3
+1 3
+1 3
+1 3
+2 3

fl=(34)
fn=(194)
332 2
+13 1
-13 2
+2 1
+12 2
cob=(2)
cfi=(18)
cfn=(44)
calls=1 0 
* 27
+1 3
+8 2
-69 1
+69 2
+1 1
+4 297
+19 1
-94 2
+1 2
cob=(2)
cfi=(18)
cfn=(40)
calls=1 0 
* 38
+1 2
+3 1
+6 2
+89 5

fn=(98)
108 1
+5 2
+1 1
+15 2

fn=(174)
48 1
+3 4
+48 1
+4 1

fn=(192)
135 4
+6 1
-6 2
+6 2
+3 2
+36 3
+2 1
-2 1
-2 1
-40 1
-1 1
-1 2
+69 2
+3 1
-3 1
+3 1
-3 4
+2 2
+10 1
-12 1
-25 6
+2 2
+3 1
-1 1
+5 2
-5 1
+1 1
-1 1
+3 2
+2 3
+12 6
+20 1
+52 2
-1 1
-51 1
+52 2
-52 1
+52 2

fn=(300)
887 8
+6 1
+3 1
+1 1
+4 3
+41 2
+3 4
-1 1
+1 1
+2 6

fn=(302)
437 9
+1 2
+4 1
+6 1
-6 1
+6 2
+12 1
-15 1
-1 2
+21 5
+9 3
+1 2
+6 3
+3 1
-2 1
+6 1
-6 1
+2 2
+4 1
-4 3
+3 2
+4 2
+1 4
+2 2
+1 2
+12 1
-3 1
+3 2
cfi=(20)
cfn=(78)
calls=1 114 
* 13
* 5
cfi=(30)
cfn=(80)
calls=1 108 
* 34
* 1
-42 3
+6 6
+50 2
+3 9

fl=(12)
fn=(24)
71 2
+4 4
+3 3
+4 2
-4 1
+4 1
-4 1
+3 1
+1 1
+1 4
+1 4
+1 3
+1 2
+7 2
+1 3
+6 1
-6 4
+6 1
+1 7
+7 3
+4 2
+2 4
225 2
+4 3
+1 2
+3 1
-1 1
+4 1
+2 1
-2 1
+5 2
+50 3
118 2
+3 4
+3 2
+8 1
-5 3
+8 2
+2 2
+2 3
+4 2
+4 2
+7 3

fl=(17)
fn=(50)
31 6
+2 3
-2 6
+2 3
-2 6
+2 3
cfi=(2)
cfn=(52)
calls=3 801 
* 9
+2 20
+3 20
+2 2
+2 2
+4 2
+4 2
+1 2
-5 4
+1 4
+1 2
+3 2
-3 2
+3 2
-1 2
cfi=(2)
cfn=(54)
calls=2 807 
* 6
-4 1
+4 1
+1 1
-5 2
+1 2
+1 1
+3 1
-3 1
+3 1
-1 1
cfi=(2)
cfn=(54)
calls=1 807 
* 3
-5 2

fn=(38)
59 33
+3 3
-3 6
+3 6
+15 8
cfi=(14)
cfn=(30)
calls=2 -36 
* 78
* 10
+12 8
cob=(2)
cfi=(18)
cfn=(40)
calls=2 -89 
* 115
* 4
cob=(2)
cfi=(18)
cfn=(40)
calls=1 -89 
* 45
* 3
+3 6
+4 3
+5 3
-6 3
+6 3
-5 3
+5 3
-5 3
+5 3
-1 3
+1 3
-1 3
+1 3
cfi=(20)
cfn=(48)
calls=3 +26 
* 52
* 3
+15 6
-15 3
+15 3
-13 3
+13 10
+6 1
+2 7
+3 2
-3 14
+3 4
+2 3
+4 3
+3 14
+2 1
-2 3
+2 15
-2 45
+16 6
-5 3
+5 3
-6 3
+6 3
-6 3
+6 6
+2 4
+3 4
-3 4
+7 8
+4 4
+2 1
+6 1
+3 1
+10 2
-10 1
+10 1
-10 2
+10 4
-10 2
+10 2
+2 2
+21 2
-21 2
cfi=(14)
cfn=(30)
calls=2 41 
* 96
+4 2
-4 6
+17 2
-13 6
+50 6
cfi=(20)
cfn=(78)
calls=2 114 
* 42
* 2
+5 4
+1 4
-1 80
+1 80
+2 4
+3 2
+3 2
+4 27
128 6
+37 6
-15 1
+7 4
-21 4
+60 4
cob=(2)
cfi=(18)
cfn=(44)
calls=2 0 
* 54
* 2
+1 8
64 2
+1 6
+9 1
-5 2

fl=(37)
fn=(114)
30 3
+2 3
+9 3
+1 6
+1 3
+4 3
+1 3
+1 3
+1 3
+1 3
+2 6
+2 3
+1 3
+1 3
+2 6
+2 3
+8 3
+3 3
+1 3
+7 3
+1 3

fl=(10)
fn=(68)
46 5
+2 3
+85 5
-45 2
cfi=(26)
cfn=(70)
calls=1 -10 
* 6
+15 1
-15 2
+20 1
-1 1
+3 12
+4 3
-2 6
+2 10
+2 1
+1 2
-3 4
+7 3
-1 3
+4 3
-2 3
+2 10
+5 2

fl=(38)
fn=(162)
44 2
+3 1
-3 6
+3 1
-3 1
+3 1
cfi=(39)
cfn=(124)
calls=1 -13 
* 19
+1 2
+23 7
-21 5
cfi=(42)
cfn=(132)
calls=1 -17 
* 11
* 2
+2 2
+3 2
+13 2
cfi=(46)
cfn=(144)
calls=1 -43 
* 6
* 1
-11 6
cfi=(43)
cfn=(136)
calls=1 -9 
* 20
* 2

fn=(120)
282 84
+1 28
cfi=(22)
cfn=(58)
calls=14 111 
* 350
* 14
+1 14
-1 28
+3 14
+2 28
+4 15
-4 30
+1 54
cfi=(22)
cfn=(58)
calls=18 111 
* 530
* 36
-5 3
+11 23
-1 11
+1 33

fl=(211) /build/glibc-eX1tMB/glibc-2.31/elf/dl-fini.c
fn=(794) _dl_fini
30 9
+20 3
-3 6
+3 4
+3 2
cfi=(2)
cfn=(52)
calls=1 801 
* 3
+2 1
+3 2
+2 6
+8 2
-3 1
+3 15
+5 2
+2 8
+2 8
+2 8
+1 4
+1 4
+4 4
-12 12
+14 6
+1 4
+6 3
cfi=(57)
cfn=(180)
calls=1 -66 
* 257
+10 2
cfi=(2)
cfn=(54)
calls=1 807 
* 3
+5 6
+2 1
+2 3
-2 3
+2 9
+3 8
+3 12
+4 4
+11 2
+1 2
-1 2
+2 2
-2 2
+2 2
-2 2
+3 10
+1 2
cob=(4)
cfi=(103)
cfn=(822) 0x00000000000010e0
calls=1 0 
* 95
cob=(5)
cfi=(111)
cfn=(796) 0x00000000000013e0
calls=1 0 
* 95
-1 10
+5 4
+1 6
cob=(2)
cfi=(18)
cfn=(838) 0x000000000483129c
calls=1 0 
* 4
cob=(2)
cfi=(18)
cfn=(820) 0x000000000010aa14
calls=1 0 
* 4
+6 24
+19 4
-59 14
+11 6
-26 7
+80 6
+6 2
+7 8

fl=(28)
fn=(74)
42 6
+1 1
-1 5
+1 1
-1 1
+1 1
-1 1
+1 2
-1 1
+1 1
cfi=(8)
cfn=(26)
calls=1 368 
* 20
* 1
+2 1
+1 2
-1 1
+1 1
+9 1
-12 1
+12 4
+1 6
+1 1
-1 2
-1 12
+10 3
193 3
+2 1
+1 2
+1 4
+3 1
+1 1
-1 1
+4 2
+3 5
+4 7
+1 2
+2 2
+1 2
+1 2
-1 1
+1 1
-1 2
+9 2
+6 10
+1 2
-1 1
+1 2
cob=(2)
cfi=(18)
cfn=(44)
calls=1 0 
* 27
+1 4
-1 1
+1 1
+31 10
+3 4
+7 3
+10 9
-4 2
-3 1
+3 1
cfi=(20)
cfn=(78)
calls=1 114 
* 17
* 2
-3 1
+3 1
cfi=(20)
cfn=(78)
calls=1 114 
* 17
+3 2
-3 6
+3 4
+1 12
+1 5
cfi=(20)
cfn=(78)
calls=1 114 
* 15
* 2
-2 2
+5 6
cfi=(20)
cfn=(78)
calls=2 114 
* 30
* 4
+2 6
-7 3
+13 1
-1 1
+1 2
-1 2
+1 7
-1 7
+1 14
-1 18
+5 9
+4 4
-4 12
+4 44
+1 24
-1 24
+1 24
-1 24
-1 24
+4 9
+3 1
+2 2
-1 1
-1 1
+2 1
-2 1
+2 3
-1 1
+1 2
+2 6
+1 2
+3 2
-6 5
+13 7
+1 1
-1 2
+3 2
-3 3
+1 3
-1 6
+3 6
+3 3
+3 9
148 7
+1 1
-1 2
+37 3
+5 2
-5 1
+5 5
-4 10
fi=(29) /build/glibc-eX1tMB/glibc-2.31/elf/../sysdeps/x86/dl-hwcap.h
57 6
fe=(28)
188 1
+1 1
cfi=(14)
cfn=(30)
calls=1 41 
* 17
+1 5
-5 1
+4 1
+1 1
-5 5
-37 10
+37 2
316 1
+1 2
-6 6
-94 4
-2 3

fl=(59)
fn=(196)
343 1
+1 1
cfn=(198) dl_cet_check
calls=1 97 
* 29

fn=(198)
97 7
+3 1
-1 1
+4 1
-4 1
+3 1
+4 2
+1 2
-1 2
+6 1
+5 2
326 8

fl=(43)
fn=(136)
48 11
+3 22
-3 44
+6 22
+5 66
+2 33
-7 8

fl=(49)
fn=(158)
33 32
+1 16
+1 32
+4 1
-4 28

fl=(33)
fn=(100)
73 2
+1 2

fn=(96)
46 4
+3 8
+5 6
+5 2
-1 1
+1 2
+1 2
-1 1
+5 1
-14 4
+4 8
+3 1
+1 5

fl=(55) /build/glibc-eX1tMB/glibc-2.31/malloc/scratch_buffer_set_array_size.c
fn=(176) __libc_scratch_buffer_set_array_size
30 2
+4 2
-4 2
+1 2
+3 2
-3 2
-1 2
+5 2
-5 4
+5 2
+11 2
-1 4
+18 8

fl=(22)
fn=(58)
111 195
+33 195
+1 195
+2 195
+1 195
+21 195
+1 195
+1 184
+1 184
+1 173
+1 173
+1 173
+1 173
+21 173
+1 173
+1 173
+1 173
+1 173
+1 173
+1 173
+5 6
+1 18
+9 6
+1 6
+1 6
+1 6
+1 6
+1 6
+1 6
+1 6
-7 22
+1 22
+1 22
+1 22
+1 22
+1 22
+1 22
+1 22
+1 26
+1 10
+1 10
+1 10
+2 10
+1 10
+1 10
+1 10
+1 10
+1 10
-5 16
+1 16
+1 16
+1 16
+1 16
+1 16
+10 2
+1 2
+1 2
+2 2
+6 2
+1 2
+1 2
+1 2
+1 2
+5 2
+2 1
+1 1
+1 2
+8 1
+1 1
+3 1
+1 1
+1 1
+1 1
+1 1
+1 1
571 1
+1 1
+1 1
+1 1
+1 1
+2 1
+1 1
+1 1
+1 1
+1 1
+1 1
+1 1
+1 1
+4 1
+1 1
+1 1
+6 1
+1 1
+1 2
+4 1
+1 1
+3 1
+1 1
+1 1
+3 1
+1 1
+1 1
+6 1
+1 1
+1 1
+1 1
+1 1
+1 1
821 1
+1 1
+1 1
+1 1
+1 1
+2 1
+1 1
+1 1
+1 1
+1 1
+1 1
+1 1
+1 1
+4 1
+1 1
+1 1
+6 1
+1 1
+1 2
+4 1
+1 1
+3 1
+1 1
+1 1
+3 1
+1 1
+1 1
+6 1
+1 1
+1 1
+1 1
+1 1
+1 1
+72 1
+1 1
+1 1
+1 1
+1 1
+2 1
+1 1
+1 1
+1 1
+1 1
+1 1
+1 1
1071 3
+1 3
+1 3
+1 3
+1 3
+2 3
+1 3
+1 3
+1 3
+1 3
+1 3
+1 3
+1 3
+4 3
+1 3
+1 3
+6 3
+1 3
+1 6
+4 3
+1 3
+3 3
+1 3
+1 3
+3 3
+1 3
+1 3
+6 3
+1 3
+1 3
+1 3
+1 3
+1 3
1321 4
+1 4
+1 4
+1 4
+1 4
+2 4
+1 4
+1 4
+1 4
+1 4
+1 4
+1 4
+1 3
+4 3
+1 3
+1 3
+6 3
+1 3
+1 6
+4 3
+1 3
+3 3
+1 3
+1 3
+3 3
+1 3
+1 3
+6 3
+1 3
+1 3
+1 3
+1 3
+1 3
+72 1
+1 1
+1 1
+1 1
+1 1
+2 1
+1 1
+1 1
+1 1
+1 1
+1 1
+1 1
+1 1
+4 1
+1 1
+1 1
+6 1
+1 1
+1 2
+4 1
+1 1
+3 1
+1 1
+1 1
+3 1
+1 1
+1 1
+6 1
+1 1
+1 1
+1 1
+1 1
+1 1
+72 5
+1 5
+1 5
+1 5
+1 5
+2 5
+1 5
+1 5
+1 5
+1 5
+1 5
+1 5
+1 2
+4 2
+1 2
+1 2
+6 2
+1 2
+1 4
+4 2
+1 2
+3 2
+1 2
+1 2
+3 2
+1 2
+1 2
+6 2
+1 2
+1 2
+1 2
+1 2
+1 2
+72 1
+1 1
+1 1
+1 1
+1 1
+2 1
+1 1
+1 1
+1 1
+1 1
+1 1
+1 1
+1 1
+4 1
+1 1
+1 1
+6 1
+1 1
+1 2
+4 1
+1 1
+3 1
+1 1
+1 1
+3 1
+1 1
+1 1
+6 1
+1 1
+1 1
+1 1
+1 1
+1 1
+7 1
+1 1
+2 1
+1 1
+2 1
+1 1
+1 1
+3 1
+1 1
+1 1
+6 1
+1 1
+1 1
+1 1
+1 1
+1 1
+41 5
+1 5
+1 5
+1 5
+1 5
+2 5
+1 5
+1 5
+1 5
+1 5
+1 5
+1 5
+1 3
+4 3
+1 3
+1 3
+6 3
+1 3
+1 6
+4 3
+1 3
+3 3
+1 3
+1 3
+3 3
+1 3
+1 3
+6 3
+1 3
+1 3
+1 3
+1 3
+1 3
+7 1
+1 1
+2 1
+1 1
+2 1
+1 1
+1 1
+3 1
+1 1
+1 1
+6 1
+1 1
+1 1
+1 1
+1 1
+1 1
+41 2
+1 2
+1 2
+1 2
+1 2
+2 2
+1 2
+1 2
+1 2
+1 2
+1 2
+1 2
+1 1
+4 1
+1 1
+1 1
+6 1
+1 1
+1 2
+4 1
+1 1
+3 1
+1 1
+1 1
+3 1
+1 1
+1 1
+6 1
+1 1
+1 1
+1 1
+1 1
+1 1
+72 2
+1 2
+1 2
+1 2
+1 2
+2 2
+1 2
+1 2
+1 2
+1 2
+1 2
+1 2
+2 1
+4 1
+1 1
+1 1
+6 1
+1 1
+2 2
+4 1
+1 1
+3 1
+1 1
+1 1
+3 1
+1 1
+1 1
+6 1
+1 1
+1 1
+1 1
+1 1
+1 1
+74 18
+2 18
+1 18
+1 18
+1 18
-3 10
+1 10
+1 10
+1 10
+1 20
+5 10
+6 10
+1 10
+8 10
+1 10
-16 185
+6 185
+1 185
+8 185
+1 185

fl=(60)
fn=(200)
148 44
+15 4
-15 8
+15 4
+1 20
+6 8
+6 20
-18 6
+22 6
+7 16
+40 4
fi=(5)
76 4
fe=(60)
227 8
fi=(5)
76 12
+6 4
+4 6
+14 2
-8 2
+8 4
+20 4
+11 8
fe=(60)
255 144
-96 2
fi=(5)
481 6
fe=(60)
159 4
+96 2
fi=(4)
48 2
fe=(60)
255 2
fi=(4)
47 2
+11 2
-11 4
+11 4
fe=(60)
255 2
-96 2
fi=(5)
481 6
fe=(60)
159 4
+96 2
fi=(4)
48 2
fe=(60)
255 2
fi=(4)
47 2
+11 2
-11 4
+11 4
fe=(60)
255 4
fi=(4)
48 4
fe=(60)
255 4
fi=(4)
47 4
+11 4
-11 8
+11 8
-7 2
-1 4
+11 4
fi=(5)
552 16
+4 16
+3 24
+1 8
fi=(4)
61 141
+2 192
+2 121
-4 3
+13 4
+1 7
+1 80
fi=(5)
552 40
+25 80
+2 40
cob=(3)
cfi=(101) /build/glibc-eX1tMB/glibc-2.31/string/../sysdeps/x86_64/multiarch/strncase_l.c
cfn=(298) strncasecmp_l
calls=1 31 
* 6
cob=(3)
cfi=(100) /build/glibc-eX1tMB/glibc-2.31/string/../sysdeps/x86_64/multiarch/strchrnul.c
cfn=(296) strchrnul
calls=1 31 
* 10
cob=(3)
cfi=(98) /build/glibc-eX1tMB/glibc-2.31/wcsmbs/../sysdeps/x86_64/multiarch/wmemcmp.c
cfn=(292) wmemcmp
calls=1 29 
* 13
cob=(3)
cfi=(97) /build/glibc-eX1tMB/glibc-2.31/string/../sysdeps/x86_64/multiarch/stpcpy.c
cfn=(290) stpcpy
calls=1 33 
* 9
cob=(3)
cfi=(96) /build/glibc-eX1tMB/glibc-2.31/string/../sysdeps/x86_64/multiarch/stpncpy.c
cfn=(288) stpncpy
calls=1 31 
* 9
cob=(3)
cfi=(95) /build/glibc-eX1tMB/glibc-2.31/string/../sysdeps/x86_64/multiarch/strspn.c
cfn=(286) strspn
calls=1 29 
* 7
cob=(3)
cfi=(94) /build/glibc-eX1tMB/glibc-2.31/wcsmbs/../sysdeps/x86_64/multiarch/wcslen.c
cfn=(284) wcslen
calls=1 29 
* 10
cob=(3)
cfi=(93) /build/glibc-eX1tMB/glibc-2.31/string/../sysdeps/x86_64/multiarch/memchr.c
cfn=(282) memchr
calls=1 29 
* 10
cob=(3)
cfi=(92) /build/glibc-eX1tMB/glibc-2.31/string/../sysdeps/x86_64/multiarch/strcasecmp_l.c
cfn=(280) strcasecmp_l
calls=1 31 
* 6
cob=(3)
cfi=(91) /build/glibc-eX1tMB/glibc-2.31/string/../sysdeps/x86_64/multiarch/memrchr.c
cfn=(278) memrchr
calls=1 29 
* 10
cob=(3)
cfi=(90) /build/glibc-eX1tMB/glibc-2.31/string/../sysdeps/x86_64/multiarch/strlen.c
cfn=(276) strlen
calls=1 29 
* 10
cob=(3)
cfi=(89) /build/glibc-eX1tMB/glibc-2.31/string/../sysdeps/x86_64/multiarch/strchr.c
cfn=(274) index
calls=1 49 
* 9
cob=(3)
cfi=(88) /build/glibc-eX1tMB/glibc-2.31/string/../sysdeps/x86_64/multiarch/strpbrk.c
cfn=(272) strpbrk
calls=1 29 
* 7
cob=(3)
cfi=(87) /build/glibc-eX1tMB/glibc-2.31/wcsmbs/../sysdeps/x86_64/multiarch/wcscpy.c
cfn=(270) wcscpy
calls=1 43 
* 7
cob=(3)
cfi=(85) /build/glibc-eX1tMB/glibc-2.31/wcsmbs/../sysdeps/x86_64/multiarch/wmemset.c
cfn=(266) wmemset
calls=2 31 
* 34
cob=(3)
cfi=(84) /build/glibc-eX1tMB/glibc-2.31/wcsmbs/../sysdeps/x86_64/multiarch/wcsnlen.c
cfn=(264) wcsnlen
calls=1 49 
* 9
cob=(3)
cfi=(83) /build/glibc-eX1tMB/glibc-2.31/string/../sysdeps/x86_64/multiarch/memcpy.c
cfn=(260) memcpy@@GLIBC_2.14
calls=1 29 
* 17
cob=(3)
cfi=(82) /build/glibc-eX1tMB/glibc-2.31/string/../sysdeps/x86_64/multiarch/strcpy.c
cfn=(258) strcpy
calls=1 29 
* 9
cob=(3)
cfi=(81) /build/glibc-eX1tMB/glibc-2.31/string/../sysdeps/x86_64/multiarch/strncase.c
cfn=(256) strncasecmp
calls=1 31 
* 6
cob=(3)
cfi=(80) /build/glibc-eX1tMB/glibc-2.31/string/../sysdeps/x86_64/multiarch/strcspn.c
cfn=(254) strcspn
calls=1 29 
* 7
cob=(3)
cfi=(79) /build/glibc-eX1tMB/glibc-2.31/string/../sysdeps/x86_64/multiarch/strnlen.c
cfn=(252) strnlen
calls=2 31 
* 20
cob=(3)
cfi=(78) /build/glibc-eX1tMB/glibc-2.31/wcsmbs/../sysdeps/x86_64/multiarch/wcschr.c
cfn=(250) wcschr
calls=2 31 
* 20
cob=(3)
cfi=(76) /build/glibc-eX1tMB/glibc-2.31/string/../sysdeps/x86_64/multiarch/memset.c
cfn=(246) memset
calls=1 29 
* 19
cob=(3)
cfi=(75) /build/glibc-eX1tMB/glibc-2.31/string/../sysdeps/x86_64/multiarch/strcmp.c
cfn=(244) strcmp
calls=1 53 
* 9
cob=(3)
cfi=(74) /build/glibc-eX1tMB/glibc-2.31/string/../sysdeps/x86_64/multiarch/strncmp.c
cfn=(242) strncmp
calls=1 54 
* 9
cob=(3)
cfi=(72) /build/glibc-eX1tMB/glibc-2.31/string/../sysdeps/x86_64/multiarch/memcmp.c
cfn=(238) bcmp
calls=1 29 
* 13
cob=(3)
cfi=(71) /build/glibc-eX1tMB/glibc-2.31/string/../sysdeps/x86_64/multiarch/mempcpy.c
cfn=(234) mempcpy
calls=1 33 
* 17
cob=(3)
cfi=(70) /build/glibc-eX1tMB/glibc-2.31/wcsmbs/../sysdeps/x86_64/multiarch/wcscmp.c
cfn=(232) wcscmp
calls=1 30 
* 10
cob=(3)
cfi=(69) /build/glibc-eX1tMB/glibc-2.31/wcsmbs/../sysdeps/x86_64/multiarch/wmemchr.c
cfn=(230) wmemchr
calls=2 31 
* 20
cob=(3)
cfi=(68) /build/glibc-eX1tMB/glibc-2.31/string/../sysdeps/x86_64/multiarch/rawmemchr.c
cfn=(228) rawmemchr
calls=1 31 
* 10
cob=(3)
cfi=(67) /build/glibc-eX1tMB/glibc-2.31/string/../sysdeps/x86_64/multiarch/strrchr.c
cfn=(226) rindex
calls=1 28 
* 10
cob=(3)
cfi=(66) /build/glibc-eX1tMB/glibc-2.31/string/../sysdeps/x86_64/multiarch/strcat.c
cfn=(224) strcat
calls=1 29 
* 9
cob=(3)
cfi=(65) /build/glibc-eX1tMB/glibc-2.31/string/../sysdeps/x86_64/multiarch/strcasecmp.c
cfn=(222) strcasecmp
calls=1 31 
* 6
cob=(3)
cfi=(64) /build/glibc-eX1tMB/glibc-2.31/string/../sysdeps/x86_64/multiarch/strncpy.c
cfn=(220) strncpy
calls=1 29 
* 9
cob=(3)
cfi=(62) /build/glibc-eX1tMB/glibc-2.31/string/../sysdeps/x86_64/multiarch/memmove.c
cfn=(216) memmove
calls=2 29 
* 34
-27 40
+28 40
fi=(4)
75 121
fe=(60)
255 32
+3 16
+24 4
+3 8
+17 12
+2 32
177 8
+3 3
fi=(4)
-96 6
-1 6
+3 6
-3 6
+3 6
+12 6
-12 6
+12 12
+10 8
+10 9
+3 10
+3 10
-73 3
-1 3
fi=(5)
491 9
fi=(4)
127 516
+9 258
+1 129
-1 258
+1 129
+2 129
-2 129
+2 258
-1 258
fi=(5)
276 258
+21 258
+4 258
+7 516
fi=(61)
126 336
fi=(5)
308 1981
fi=(4)
138 106
fi=(5)
308 106
fi=(4)
138 106
fi=(5)
308 106
fi=(4)
138 106
fi=(5)
308 212
fi=(4)
138 3
fi=(5)
308 3
fi=(4)
138 3
fi=(5)
308 3
fi=(4)
138 3
fi=(5)
308 1314
cfi=(6)
cfn=(208)
calls=109 841 
* 57607
* 654
+1 336
+24 770
457 327
+1 109
fi=(4)
124 387
+19 15
fi=(5)
429 51
+4 68
+5 17
+9 17
-9 34
+9 34
+50 9
+4 18
cfi=(20)
cfn=(48)
calls=3 127 
* 33
+2 9
+1 3
fi=(4)
111 11
+1 3
fi=(5)
536 3
fi=(4)
112 3
fi=(5)
536 6
fi=(4)
112 1232
fi=(5)
536 1232
fi=(4)
112 1232
fi=(5)
536 2464
+5 2470
+1 1235
fi=(4)
111 1235
fi=(5)
542 2470
fi=(4)
111 2470
+7 9
-67 1
160 5
+2 20
+9 15
-1 30
fi=(5)
276 10
+21 10
+4 10
+7 20
fi=(61)
126 15
fi=(5)
308 165
cfi=(6)
cfn=(208)
calls=5 841 
* 2534
* 35
+1 15
+24 64
-24 175
+3 124
-3 124
+3 248
+2 10
+3 4
+1 6
+1 4
+4 2
+7 2
cob=(3)
cfi=(75)
cfn=(244)
calls=1 53 
* 9
cob=(3)
cfi=(82)
cfn=(258)
calls=1 29 
* 9
* 4
+3 4
-25 90
+1 428
fe=(60)
+1 20
+3 4
-3 4
+3 4
+4 8
+1 16
cfi=(54)
cfn=(172)
calls=4 78 
* 24
* 8
fi=(5)
124 8
-2 4
fe=(60)
255 6
fi=(5)
+53 39
457 15
+1 5
fi=(4)
160 16
+14 3
fi=(5)
309 1
+3 1
-3 1
+3 2
-3 4
-1 120
fe=(60)

fl=(11)
fn=(20)
28 1
+3 5
+2 2
+6 1
+1 1

fl=(31)
fn=(88)
23 6
+1 6
+1 6
+1 6
+1 6
+1 6
+1 6
+1 6
+1 6
+1 6
+1 6
+1 6
+1 6
+1 6
+1 6
+1 6
+1 6
+1 6
+1 4
+4 4
+1 4
+1 4
+1 4
+2 4
+4 2
+1 2
+1 2
+1 2
+1 2
+1 2
+1 2
+1 2
+1 2
+1 2
+1 2
+1 2
+1 2
+1 2
+1 2
+1 2
+1 2
+1 2
+1 2
+1 2
+1 2
+1 2
+1 2
+1 4
+5 1
+1 1
+3 1
+1 1
+1 1
+1 1
+1 1
+1 1
+1 1
+1 1
+1 1
+1 1
+1 1
+1 1
+1 1
+1 1
+1 1
+1 1
+1 1
+1 1
+2 1
+1 1
+2 1
+1 1
+1 1
+1 1
+1 1
+1 1
+1 1
+1 1
+2 1
+1 1
+1 1
+1 1
+1 1
+1 1
+1 1
+1 1
+1 1
+1 1
+3 1
+4 1
+1 1
+1 1
+1 1
+2 1
-9 1
+4 1
+1 1
+1 1
+1 1
+2 1

fl=(16)
fn=(36)
28 3
+1 3
+3 42
+13 32
-13 64
+2 68
+1 20
+5 2
-3 2
+3 2
+2 2
+7 1

fl=(116) /build/glibc-eX1tMB/glibc-2.31/elf/../sysdeps/x86_64/dl-trampoline.h
fn=(376) _dl_runtime_resolve_xsave
67 1
+5 1
+3 1
+2 1
+10 1
+6 1
+1 1
+1 1
+1 1
+1 1
+1 1
+1 1
+4 1
+1 1
+3 1
+1 1
+2 1
+1 1
+1 1
+1 1
+1 1
+1 1
+2 1
+7 1
+1 1
+1 1
cfi=(117)
cfn=(378)
calls=1 -60 
* 540
+1 1
+5 1
+1 1
+1 1
+2 1
+1 1
+1 1
+1 1
+1 1
+1 1
+1 1
+2 1
+2 1
+4 1
+3 1

fn=(377) _dl_runtime_resolve_xsave'2
67 2
+5 2
+3 2
+2 2
+10 2
+6 2
+1 2
+1 2
+1 2
+1 2
+1 2
+1 2
+4 2
+1 2
+3 2
+1 2
+2 2
+1 2
+1 2
+1 2
+1 2
+1 2
+2 2
+7 2
+1 2
+1 2
cfi=(117)
cfn=(378)
calls=2 -60 
* 1497
+1 2
+5 2
+1 2
+1 2
+2 2
+1 2
+1 2
+1 2
+1 2
+1 2
+1 2
+2 2
+2 2
+4 2
+3 2

fl=(21)
fn=(134)
153 40
+4 4
+2 16
53 4
+6 2
160 1
-98 1
+5 2
+89 2
-89 2
+89 4
-89 4
+70 8
-1 2
-69 6
+3 6
+1 4
+1 4
+4 6
+4 6
+3 6
+1 4
+4 2
+1 4
+11 2
+1 8
+5 4
-13 4
+1 2
+3 6
+66 4
+16 4
+3 4
+1 32
-19 30
+6 6
-6 2
+6 4
cfi=(53)
cfn=(170)
calls=2 29 
* 14
* 4
53 4
+6 2
+3 1
+5 2
+75 10
+1 2
+1 4
+1 4
-32 4
+3 4
+4 2

fl=(35)
fn=(104)
28 1
+2 1
+7 1
+1 1
+2 1
+1 1
+1 1
+1 1
+1 33
+3 3
+7 1
+1 1
+1 1
+1 1
+2 1
+1 1
+1 1
+1 1
+2 1
+1 1
+1 1
+9 3
+12 1
+2 1
+1 1
+1 1
-4 16
+2 16
+1 16
+1 16
+2 16
+1 16
+1 16
+2 16
+1 16
+1 16
+2 16
+1 16
+1 16
+6 1
+7 1
+4 1

fl=(48)
fn=(152)
61 6
+7 2
-4 4
+1 2
-1 16
cfi=(27)
cfn=(118)
calls=2 1927 
* 6024
* 2
+5 4

fn=(148)
159 2
+1 3
-1 2
+1 1
-1 1
+1 1
-1 5
+1 3
-1 1
+1 1
-1 1
+1 7
-15 1
+15 2
-8 1
-6 1
-1 1
+15 1
-16 1
+8 3
-6 1
+6 1
+24 3
-28 3
-2 1
+31 1
-33 2
+2 5
-1 4
+7 4
+24 7
+4 1
fi=(56) /build/glibc-eX1tMB/glibc-2.31/elf/../include/scratch_buffer.h
77 3
fe=(48)
198 1
fi=(56)
78 1
fe=(48)
200 2
+87 1
-89 1
+4 1
+7 1
+4 4
-4 3
+4 12
+11 12
-18 2
+18 4
433 12
+2 2
+3 2
-3 4
+3 4
cob=(2)
cfi=(18)
cfn=(44)
calls=2 0 
* 54
* 2
+1 4
+6 2
+1 10
cfi=(20)
cfn=(48)
calls=2 127 
* 22
+1 10
cfi=(20)
cfn=(48)
calls=2 127 
* 22
+4 2
-1 2
+5 16
202 9
458 9
-1 4
+1 8
199 3
+27 2
+11 2
-5 2
-6 4
+5 2
+2 4
+1 4
+3 8
+66 2
-97 2
+97 2
-66 2
+66 4
-65 6
+6 8
cfi=(27)
cfn=(150)
calls=2 -13 
* 108
* 6
+4 6
-2 2
+2 2
cob=(2)
cfi=(18)
cfn=(110)
calls=2 0 
* 6182
+1 4
+9 2
+2 4
+5 10
+6 2
+2 2
-8 4
+3 2
+1 2
+1 2
+1 2
+4 10
+4 6
+1 3
-43 204
+1 98
+44 147
-38 4
fi=(56)
85 3
fe=(48)
464 6
+1 1
+3 5
+11 4
cob=(2)
cfi=(18)
cfn=(44)
calls=1 0 
* 27
* 1
+2 2
+5 6
+1 1
+2 4
+2 1
+4 3
+4 2
-10 3
+2 3
+4 9
+4 6
-10 9
+13 2
+51 3
+2 1
-1 1
+1 2
+35 5
cfi=(20)
cfn=(48)
calls=1 127 
* 11
+4 5
cfi=(57)
cfn=(180)
calls=1 28 
* 236
+3 1
+2 1
+1 1
-1 1
+2 2
+7 3
+3 3
+3 8
214 25
+3 2
fi=(56)
-86 6
cfi=(55)
cfn=(176)
calls=2 30 
* 36
fe=(48)
+86 4
+4 6
-61 2
380 6

ob=(4)
fl=(103)
fn=(832) 0x0000000000001070
0 5

fn=(320)
0 12

fn=(822)
0 9
cob=(2)
cfi=(18)
cfn=(828) 0x0000000004831040
calls=1 0 
0 77
0 1
cfn=(832)
calls=1 0 
0 5
0 3

ob=(5)
fl=(111)
fn=(444) 0x0000000000001420
0 12

fn=(462) add_int_option
0 28
cob=(3)
cfi=(137) /build/glibc-eX1tMB/glibc-2.31/gmon/../sysdeps/x86_64/_mcount.S
cfn=(458) mcount
calls=7 27 
0 357
0 98

fn=(814) 0x0000000000001370
0 5

fn=(504) show_options
0 8
cob=(3)
cfi=(137)
cfn=(458)
calls=1 27 
0 51
0 149
cob=(2)
cfi=(18)
cfn=(506) 0x00000000001092d0
calls=7 0 
0 8542
0 17
cob=(2)
cfi=(18)
cfn=(506)
calls=1 0 
0 1095
0 7

fn=(594) get_word
0 5790174
cob=(3)
cfi=(137)
cfn=(458)
calls=965029 27 
0 45356371
0 2621854
cob=(2)
cfi=(18)
cfn=(596) 0x0000000000109210
calls=172949 0 
0 32347224
0 1037690
cob=(2)
cfi=(18)
cfn=(622) 0x0000000000109290
calls=172948 0 
0 57623143
0 5410303
cob=(2)
cfi=(18)
cfn=(622)
calls=1012881 0 
0 341648371
0 6850906

fn=(648) insert_string
0 7720216
cob=(3)
cfi=(137)
cfn=(458)
calls=965027 27 
0 55006541
0 3860108
cfn=(650) lower2
calls=965027 0 
0 146274703
0 1930054
cfn=(652) h_xor
calls=965027 0 
0 148525767
0 5790162
cfn=(654) find_ele_iter_r
calls=965027 0 
0 325681201
0 6755189

fn=(656) save_string
0 2178234
cob=(3)
cfi=(137)
cfn=(458)
calls=363039 27 
0 18534151
0 6515023
cob=(2)
cfi=(18)
cfn=(658) 0x0000000000109250
calls=363039 0 
0 69123055
0 1815195
cob=(2)
cfi=(18)
cfn=(644) 0x00000000001091a0
calls=363039 0 
0 10910697
0 1452156

fn=(468) find_option
0 72
cob=(3)
cfi=(137)
cfn=(458)
calls=8 27 
0 380
0 1421

fn=(652)
0 3860108
cob=(3)
cfi=(137)
cfn=(458)
calls=965027 27 
0 55006541
0 89659118

fn=(796)
0 9
cob=(2)
cfi=(18)
cfn=(802) 0x0000000000109180
calls=1 0 
0 77
0 1
cfn=(814)
calls=1 0 
0 5
0 3

fn=(358) __libc_csu_init
0 15
cob=(2)
cfi=(18)
cfn=(360) 0x0000000000109000
calls=1 0 
0 86083
0 8
cfn=(444)
calls=1 0 
0 12
0 11

fn=(456) main
0 8
cob=(3)
cfi=(137)
cfn=(458)
calls=1 27 
0 31
0 17
cfn=(462)
calls=1 0 
0 69
0 3
cfn=(462)
calls=1 0 
0 69
0 3
cfn=(462)
calls=1 0 
0 69
0 3
cfn=(462)
calls=1 0 
0 69
0 3
cfn=(462)
calls=1 0 
0 69
0 3
cfn=(462)
calls=1 0 
0 69
0 3
cfn=(462)
calls=1 0 
0 69
0 3
cfn=(464) add_string_option
calls=1 0 
0 69
0 4
cfn=(466) parse_options
calls=1 0 
0 7710
0 2
cfn=(504)
calls=1 0 
0 9869
0 5
cob=(2)
cfi=(18)
cfn=(560) 0x0000000000109270
calls=1 0 
0 872
0 7
cob=(2)
cfi=(18)
cfn=(560)
calls=1 0 
0 851
0 7
cob=(2)
cfi=(18)
cfn=(560)
calls=1 0 
0 830
0 7
cob=(2)
cfi=(18)
cfn=(560)
calls=1 0 
0 915
0 14
cob=(2)
cfi=(18)
cfn=(564) 0x0000000000109280
calls=1 0 
0 581
0 18
cfn=(586) word_freq
calls=1 0 
0 1730232231
0 1
cob=(2)
cfi=(18)
cfn=(706) 0x00000000001091d0
calls=1 0 
0 47
0 7
cob=(2)
cfi=(18)
cfn=(560)
calls=1 0 
0 3442
0 2
cob=(2)
cfi=(18)
cfn=(742) 0x00000000001091e0
calls=1 0 
0 516
0 11

fn=(464)
0 4
cob=(3)
cfi=(137)
cfn=(458)
calls=1 27 
0 51
0 14

fn=(466)
0 10
cob=(3)
cfi=(137)
cfn=(458)
calls=1 27 
0 51
0 101
cfn=(468)
calls=8 0 
0 1873
0 174
cob=(2)
cfi=(18)
cfn=(470) 0x0000000000109260
calls=7 0 
0 5468
0 33

fn=(650)
0 3860108
cob=(3)
cfi=(137)
cfn=(458)
calls=965027 27 
0 55006533
0 87408062

fn=(660) new_ele
0 1815195
cob=(3)
cfi=(137)
cfn=(458)
calls=363039 27 
0 18534159
0 1089117
cob=(2)
cfi=(18)
cfn=(658)
calls=363039 0 
0 69348411
0 11597601

fn=(348)
0 12
cob=(3)
cfi=(112) /build/glibc-eX1tMB/glibc-2.31/csu/../csu/libc-start.c
cfn=(350) (below main)
calls=1 137 
0 1730350430

fn=(586)
0 10
cob=(3)
cfi=(137)
cfn=(458)
calls=1 27 
0 51
0 12
cob=(2)
cfi=(18)
cfn=(588) 0x0000000000109220
calls=1 0 
0 287
0 3860111
cfn=(648)
calls=965027 0 
0 701543941
0 1930056
cfn=(592) get_token
calls=965028 0 
0 742762758
0 2895100
cob=(2)
cfi=(18)
cfn=(560)
calls=1 0 
0 4216
0 11
cfn=(672) sort_words
calls=1 0 
0 277234508
0 11
cob=(2)
cfi=(18)
cfn=(560)
calls=1 0 
0 1152
0 7

fn=(364) __gmon_start__
0 9
cob=(2)
cfi=(18)
cfn=(366) 0x0000000000109240
calls=1 0 
0 85985
0 3
cfn=(438) atexit
calls=1 0 
0 78

fn=(438)
0 4
cob=(2)
cfi=(18)
cfn=(440) 0x00000000001092a0
calls=1 0 
0 74

fn=(672)
0 10
cob=(3)
cfi=(137)
cfn=(458)
calls=1 27 
0 51
0 4
cob=(2)
cfi=(18)
cfn=(588)
calls=1 0 
0 287
0 8907950
cob=(2)
cfi=(18)
cfn=(704) 0x0000000000109190
calls=1 0 
0 73
0 14
cob=(2)
cfi=(18)
cfn=(674) 0x00000000001091c0
calls=1 0 
0 268326118
0 1

fn=(592)
0 9650280
cob=(3)
cfi=(137)
cfn=(458)
calls=965028 27 
0 55006590
0 4825146
cfn=(594)
calls=1 0 
0 1129
0 10
cob=(2)
cfi=(18)
cfn=(644)
calls=1 0 
0 30
0 5
cfn=(594)
calls=1 0 
0 443
0 1930054
cfn=(594)
calls=965027 0 
0 498684464
0 11580327
cob=(2)
cfi=(18)
cfn=(644)
calls=965027 0 
0 29469045
0 18432015
cob=(2)
cfi=(18)
cfn=(644)
calls=965027 0 
0 29468535
0 28088096
cob=(2)
cfi=(18)
cfn=(644)
calls=965027 0 
0 29468535
0 26158054

fn=(654)
0 7720216
cob=(3)
cfi=(137)
cfn=(458)
calls=965027 27 
0 45356273
0 7995608
cob=(2)
cfi=(18)
cfn=(662) 0x0000000000109230
calls=499942 0 
0 11823598
0 3271580
cob=(2)
cfi=(18)
cfn=(662)
calls=817895 0 
0 19358504
0 5215035
cfn=(656)
calls=215907 0 
0 64861667
0 431814
cfn=(660)
calls=215907 0 
0 60022660
0 10712787
cfn=(656)
calls=147132 0 
0 45666844
0 294264
cfn=(660)
calls=147132 0 
0 42361823
0 588528

fn=(694) compare_ele
0 16602544
cob=(3)
cfi=(137)
cfn=(458)
calls=4150636 27 
0 128669716
0 24903816

ob=(3)
fl=(76)
fn=(246)
29 1
fi=(77) /build/glibc-eX1tMB/glibc-2.31/string/../sysdeps/x86_64/multiarch/ifunc-memset.h
+13 5
+4 2
-1 2
+12 4
+2 5
fe=(76)

fl=(105) /build/glibc-eX1tMB/glibc-2.31/misc/init-misc.c
fn=(328) __init_misc
30 1
+1 2
-1 4
+1 3
+2 3
cob=(2)
cfi=(18)
cfn=(330) 0x000000000486d5e0
calls=1 -33 
* 30
+4 5
+1 3
+2 4

fl=(157) /build/glibc-eX1tMB/glibc-2.31/string/../sysdeps/x86_64/multiarch/memmove-vec-unaligned-erms.S
fn=(546) __mempcpy_avx_unaligned_erms
212 66
+1 66
+1 66
+1 66
+17 66
+1 66
+1 1
+1 1
+3 1
+1 1
+1 1
+1 1
+2 1
+1 1
+33 65
+1 65
+2 62
+1 62
+1 51
+1 51
+1 33
+1 33
+1 29
+1 29
+1 29
+2 29
+14 3
+1 3
+1 3
+1 3
+1 3
+4 11
+1 11
+1 11
+1 11
+1 11
+3 18
+1 18
+1 18
+1 18
+1 18
+3 4
+1 4
+1 4
+1 4
+1 4

fn=(548) __memcpy_avx_unaligned_erms
225 572966
+1 572966
+6 572966
+1 572966
+1 193680
+1 193680
+3 157514
+1 157514
+1 157514
+1 157514
+2 157514
+1 157514
+3 511
+1 511
+1 511
+1 511
+11 511
+1 16560103
+2 511
+13 379286
+1 379286
+2 253655
+1 253655
+1 49455
+1 49455
+1 48120
+1 48120
+1 47882
+1 47882
+1 47882
+2 47882
+14 125631
+1 125631
+1 125631
+1 125631
+1 125631
+4 204200
+1 204200
+1 204200
+1 204200
+1 204200
+3 1335
+1 1335
+1 1335
+1 1335
+1 1335
+3 238
+1 238
+1 238
+1 238
+1 238
+4 36166
+1 36166
+5 35655
+1 35655
+1 27801
+1 27801
+2 10558
+1 10558
+1 10558
+1 10558
+1 10558
+1 10558
+1 10558
+1 10558
+1 10558
+1 10558
+1 10558
+1 10558
+1 10558
+1 10558
+1 10558
+1 10558
+1 10558
+1 10558
+3 17243
+1 17243
+1 17243
+1 17243
+1 17243
+1 17243
+1 17243
+1 17243
+1 17243
+1 17243
+3 7854
+1 7854
+2 7854
+3 7854
+1 7854
+1 7854
+1 7854
+1 7854
+2 7854
+1 7854
+3 7854
+1 7854
+2 7854
+2 7854
+2 7854
+2 7854
+3 7854
+1 7854
+4 52673
+1 52673
+1 52673
+1 52673
+1 52673
+1 52673
+1 52673
+1 52673
+1 52673
+1 52673
+1 52673
+1 52673
+1 52673
+2 7854
+1 7854
+1 7854
+1 7854
+2 7854
+1 7854
+1 7854

fl=(97)
fn=(290)
33 1
fi=(217) /build/glibc-eX1tMB/glibc-2.31/string/../sysdeps/x86_64/multiarch/ifunc-strcpy.h
+3 3
-2 1
+2 1
-2 2
fe=(97)
-1 1

fl=(172) /build/glibc-eX1tMB/glibc-2.31/string/../sysdeps/x86_64/multiarch/strspn-c.c
fn=(630) __strspn_sse42
61 1102832
+1 2205664
+6 3308496
fi=(173) /usr/lib/gcc/x86_64-linux-gnu/9/include/smmintrin.h
633 2205664
fe=(172)
105 2205664
+4 2205664
-22 1102832
cfi=(174) /build/glibc-eX1tMB/glibc-2.31/string/../sysdeps/x86_64/strspn.S
cfn=(634) __strspn_sse2
calls=1102832 -60 
* 166839030

fl=(78)
fn=(250)
31 2
fi=(218) /build/glibc-eX1tMB/glibc-2.31/wcsmbs/../sysdeps/x86_64/multiarch/ifunc-avx2.h
+1 6
-2 10
fe=(78)
+1 2

fl=(119) /build/glibc-eX1tMB/glibc-2.31/malloc/hooks.c
fn=(384) malloc_hook_ini
29 2
fi=(120) /build/glibc-eX1tMB/glibc-2.31/malloc/arena.c
291 1
fe=(119)
29 3
+1 2
fi=(120)
291 3
cfn=(388) ptmalloc_init.part.0
calls=1 -2 
* 74203
* 1
fi=(118) /build/glibc-eX1tMB/glibc-2.31/malloc/malloc.c
3032 2
1208 2
+2 4
3044 4
+12 3
+2 3
cfn=(410) _int_malloc
calls=1 1208 
* 141
* 1
+1 7
fe=(119)
33 5
fi=(118)
1210 4
2978 4
cfn=(406) tcache_init.part.0
calls=1 +3 
* 476
+69 2
fe=(119)

fl=(179) /build/glibc-eX1tMB/glibc-2.31/gmon/../sysdeps/unix/sysv/linux/profil-counter.h
fn=(666) __profil_counter
25 1299
fi=(128) /build/glibc-eX1tMB/glibc-2.31/gmon/../sysdeps/posix/profil.c
+17 3897
+5 2598
-5 1299
+5 6495
+2 2598
+1 626
fe=(179)
-18 1299

fl=(67)
fn=(226)
28 1
fi=(219) /build/glibc-eX1tMB/glibc-2.31/string/../sysdeps/x86_64/multiarch/ifunc-avx2.h
+4 3
-2 5
fe=(67)
-2 1

fl=(203) /build/glibc-eX1tMB/glibc-2.31/io/../sysdeps/unix/sysv/linux/close_nocancel.c
fn=(760) __close_nocancel
25 2
+1 8
+1 2

fl=(174)
fn=(634)
27 1102832
+2 1102832
+7 1102832
+1 1102832
+2 1102832
+1 1102832
+1 1102832
+1 1102832
+1 36393456
+3 3308496
+7 1102832
+1 1102832
+1 1102832
-2 5514160
+1 5514160
+1 5514160
+1 6616992
+2 6616992
+1 6616992
+1 6616992
+1 6616992
+2 6616992
+1 6616992
+1 6616992
+1 5514160
+2 5514160
+1 5514160
+1 5514160
+1 5514160
+1 5514160
+2 3308496
+12 1102832
+2 1102832
+1 1102832
+1 1102832
-4 3710
+2 3710
+1 3710
+1 3710
+2 330847
+1 330847
+1 330847
+2 17137
+1 17137
+1 17137
+2 4646
+1 4646
+1 4646
+2 936
+1 936
+1 936
+2 936
+2 936
+3 936
-8 12491
+1 12491
+2 12491
+2 12491
+3 12491
-7 313710
+2 313710
+2 313710
+3 313710
-5 775695
+2 775695
+3 775695

fl=(95)
fn=(286)
29 1
fi=(220) /build/glibc-eX1tMB/glibc-2.31/string/../sysdeps/x86_64/multiarch/ifunc-sse4_2.h
+1 5
fe=(95)
-1 1

fl=(187) /build/glibc-eX1tMB/glibc-2.31/misc/../sysdeps/unix/sysv/linux/getpagesize.c
fn=(690) getpagesize
27 2
+1 8
+2 2

fl=(81)
fn=(256)
31 1
fi=(221) /build/glibc-eX1tMB/glibc-2.31/string/../sysdeps/x86_64/multiarch/ifunc-strcasecmp.h
+1 4
fe=(81)
-1 1

fl=(93)
fn=(282)
29 1
fi=(219)
+3 3
-2 5
fe=(93)
-1 1

fl=(205) /build/glibc-eX1tMB/glibc-2.31/stdlib/cxa_thread_atexit_impl.c
fn=(774) __call_tls_dtors
145 4
+1 4
+18 4

fl=(128)
fn=(426) profil
66 22
+9 7
+13 2
+15 1
+1 1
+5 2
+8 2
-14 1
+1 1
+1 1
+1 1
+3 1
+6 1
+1 8
+1 1
cfi=(129) /build/glibc-eX1tMB/glibc-2.31/signal/../nptl/sigaction.c
cfn=(428) sigaction
calls=1 -94 
* 83
* 2
+3 1
+1 1
cfi=(132) /build/glibc-eX1tMB/glibc-2.31/gmon/../sysdeps/unix/sysv/linux/prof-freq.c
cfn=(434) __profile_frequency
calls=1 -95 
* 4
+2 2
-2 4
+2 1
-2 2
+1 2
+1 1
cfi=(133) /build/glibc-eX1tMB/glibc-2.31/time/../sysdeps/unix/syscall-template.S
cfn=(436) setitimer
calls=1 -45 
* 6
+1 18
-46 2
+4 4
cfi=(133)
cfn=(436)
calls=1 -4 
* 6
* 2
+3 3
-1 1
+1 1
cfi=(129)
cfn=(428)
calls=1 -62 
* 59
* 1

fl=(100)
fn=(296)
31 1
fi=(219)
+1 3
-2 5
fe=(100)
+1 1

fl=(138) /build/glibc-eX1tMB/glibc-2.31/gmon/mcount.c
fn=(460) __mcount_internal
60 10666900
+12 42667600
+9 10666900
+1 21333800
+11 6516263
+4 6516263
-4 6516263
+4 13032526
+1 13032526
+1 13032526
+16 13032484
+1 15394356
+36 8308734
+1 8308734
-23 12463110
+7 6
+1 3
-1 3
+1 3
+3 6
+1 3
+1 3
+1 6
+1 3
+24 3
+1 3
-1 6512509
+1 6512509
-67 42
+1 21
-1 21
+1 21
+4 21
+1 42
+1 21
+1 21
+1 21
+57 21
+1 21
-9 4154367
-2 4154367
+2 4154367
+1 8308734
+1 4154367
+6 4154367
+1 4154367
-50 2361872
+1 2361872

fl=(64)
fn=(220)
29 1
fi=(217)
+7 3
-2 1
+2 1
-2 2
fe=(64)
-5 1

fl=(142) /build/glibc-eX1tMB/glibc-2.31/libio/strops.c
fn=(496) _IO_str_underflow
142 7
+1 28
+2 42
+6 14
+3 7
+1 7

fn=(480) _IO_str_init_static_internal
36 63
+4 14
+1 21
cob=(2)
cfi=(18)
cfn=(482) 0x000000000486d5d0
calls=7 -41 
* 131
* 14
+5 49
cfi=(141) /build/glibc-eX1tMB/glibc-2.31/libio/genops.c
cfn=(486) _IO_setb
calls=7 329 
* 175
+3 7
+1 7
-1 7
+2 14
+13 7
+1 42
-4 7
-2 7
+2 7

fl=(150) /build/glibc-eX1tMB/glibc-2.31/string/../sysdeps/x86_64/multiarch/strchr-avx2.S
fn=(514) __strchrnul_avx2
44 46
+1 46
+2 46
+1 46
+1 46
+2 46
+1 46
+1 46
+4 12
+1 12
+1 12
+1 12
+1 12
+1 12
+1 12
+11 34
+1 34
+1 34
+1 34
+1 34
+1 34
+1 34
+2 34
+1 34
+1 34
+2 31
+1 31
+2 31
+7 31
+1 31
+4 3
+5 3
+1 3
+1 3
+1 3
+1 3
+1 3
+1 3
+72 15
+2 15
+7 15
+1 15

fn=(584) __strchr_avx2
44 1
+1 1
+2 1
+1 1
+1 1
+2 1
+1 1
+1 1
+21 1
+1 1
+1 1
+1 1
+1 1
+1 1
+1 1
+2 1
+1 1
+1 1
+2 1
+1 1
+4 1
+1 1
+1 1
+1 1
+2 1
+1 1

fl=(215) /build/glibc-eX1tMB/glibc-2.31/posix/../sysdeps/unix/sysv/linux/_exit.c
fn=(858) _Exit
27 3
+4 1
+2 2

fl=(91)
fn=(278)
29 1
fi=(219)
+3 3
-2 5
fe=(91)
-1 1

fl=(165) /build/glibc-eX1tMB/glibc-2.31/string/../string/strstr.c
fn=(580) __GI_strstr
77 8
+5 1
-5 3
+5 2
+2 4
cob=(2)
cfi=(18)
cfn=(582) 0x000000000486d470
calls=1 -84 
* 28
* 1
+1 2
+44 1
+32 12

fl=(198) /build/glibc-eX1tMB/glibc-2.31/stdlib/divrem.c
fn=(732) __mpn_divrem
46 117
+3 18
234 81
62 9
+1 9
-16 9
+18 18
+6 18
+1 9
-1 9
+1 34
+1 24
-1 24
+4 18
+3 9
+2 9
-13 1
-1 1
+1 1

fl=(101)
fn=(298)
31 1
fi=(221)
+1 4
fe=(101)
-1 1

fl=(72)
fn=(238)
29 1
fi=(73) /build/glibc-eX1tMB/glibc-2.31/string/../sysdeps/x86_64/multiarch/ifunc-memcmp.h
+3 1
+1 3
-1 2
+2 3
+1 2
fe=(72)
-6 1

fl=(118)
fn=(538) malloc
3023 726082
+8 726082
-8 2904328
+8 726082
+1 1452164
1208 1452164
+2 2904328
3044 2904328
+3 1452164
+9 2178246
+2 2178246
cfn=(410)
calls=726082 1208 
* 102295369
* 726082
+1 5082572
+23 3630410
1210 2777176
3048 726080
+1 2178240

fn=(382) calloc
3366 6
+10 3
-10 12
+10 24
+8 6
+1 6
+9 6
+2 6
+10 2
+1 6
+21 6
cfn=(410)
calls=2 1208 
* 458
* 2
+2 10
+3 6
+14 4
+6 8
+2 4
+50 14
3387 3
cfi=(119)
cfn=(384)
calls=1 29 
* 74873
+4 2
-4 1
+1 2
3505 5
-49 1
cob=(2)
cfi=(18)
cfn=(420) 0x000000000486d560
calls=1 0 
* 10253

fn=(700) munmap_chunk
2809 2
+2 2
-1 2
+1 2
-1 2
+1 2
+2 4
+4 4
+4 4
+7 2
-8 2
+9 2
-8 2
+1 2
+6 6
+1 8
+3 2
+1 6
+5 2
+1 2
-1 2
cfi=(186) /build/glibc-eX1tMB/glibc-2.31/misc/../sysdeps/unix/syscall-template.S
cfn=(702) munmap
calls=2 78 
* 12
-21 4

fn=(698) free
3087 10
+5 10
+1 10
+6 10
+5 5
-2 5
+2 10
+18 9
+2 9
+1 3
+1 3
-1 3
cfn=(762) _int_free
calls=3 4155 
* 265
-17 6
+2 8
+8 2
+8 2
-8 2
cfn=(700)
calls=2 2809 
* 78
-7 8
+2 2
+1 2
-1 2
+1 2
+1 4

fn=(410)
1208 1452172
3513 726086
1210 726086
3513 5808688
1210 1452172
3553 63576
+24 63576
+61 726080
+2 726080
-2 726080
+2 1452160
1210 1388596
3553 1388596
1637 1388596
3577 1388596
+58 16
+62 216
+1 18
3577 63576
1210 63576
3582 63576
+2 63576
-2 1388580
+2 1388580
+5 2178240
4147 10069804
3637 2178240
+3 7986880
+77 726080
+1 726080
-1 1452160
-1 1452160
+2 1452160
-1 6
+1 6
-1 12
-1 12
+2 12
-2 2178255
+6 1452170
+73 2178255
-67 2178255
-6 2
+73 3
-67 3
3917 1452172
+2 18
+3 6
-3 6
+3 12
+68 1452172
+1 726086
+1 726086
-1 726086
+1 726086
+1 1452172
+1 2178258
+5 1452172
3697 12
4003 2178258
+3 2904324
-3 2178243
+3 2904320
-3 1452160
+3 2178237
+97 726086
+1 1452172
+2 1452172
+3 2178338
+17 240
-12 726006
-3 726006
+1 1452012
+2 726006
-1 726006
+1 726006
+2 726006
+3 726006
-5 3630030
+2 726006
1868 2178018
4141 320
cfn=(412) sysmalloc
calls=80 2255 
* 13879
* 80
+1 160
1868 240

fn=(762)
4155 33
+10 9
+6 15
+1 6
+4 12
+8 15
-1 6
+1 6
+3 1
+6 2
+13 5
+14 4
4428 33
4295 4
+3 2
+3 6
+7 2
-4 2
+4 4
+3 4
+5 6
+3 4
+1 4
+1 4
1875 6
4327 4
+9 4
+5 4
+4 2
+9 2
-1 2
+2 4
+2 8
+2 4
+5 2
+1 2
+2 6
+1 2
+30 4
+20 6
2924 2
+4 1
-2 2
+1 1
+1 1
4209 1
4361 6

fn=(406)
2981 1
-9 1
+9 6
fi=(123) /build/glibc-eX1tMB/glibc-2.31/malloc/../sysdeps/unix/sysv/linux/x86/lowlevellock.h
47 2
fe=(118)
2982 3
cfn=(410)
calls=1 1208 
* 362
* 1
+1 2
+8 4
+7 2
+2 1
+1 2
-1 1
+1 86
+3 2

fn=(412)
2255 640
+20 160
+11 160
+1 394
fi=(120)
536 231
fe=(118)
2302 308
+66 77
+1 231
+1 77
+9 688
+6 231
+3 231
2705 154
+1 77
+5 154
+3 154
+2 154
+1 77
-1 77
+2 231
+1 77
+1 77
+2 77
-3 154
+1 77
+8 720
2288 9
+14 12
+6 6
+19 9
+16 3
-1 3
+1 6
+5 9
+1 15
+3 9
+1 15
+96 693
+11 63
+8 189
+2 385
cfi=(124) /build/glibc-eX1tMB/glibc-2.31/malloc/morecore.c
cfn=(414) __default_morecore
calls=77 46 
* 3755
* 77
+1 77
+3 308
+3 124
+1 124
+46 433
+2 61
+6 122
-6 1
+6 124
+1 305
-65 42
+29 45
+4 30
-8 30
+1 6
+31 2
-22 135
cfi=(166) /build/glibc-eX1tMB/glibc-2.31/misc/../sysdeps/unix/sysv/linux/mmap64.c
cfn=(590) mmap
calls=15 48 
* 300
+2 45
-2 15
+2 15
+12 15
-8 15
+13 30
+2 60
+2 15
+36 15
+70 30
+29 16
-1 16
+1 48
+1 16
+11 32
+7 30
+1 45
+8 15
+2 15
+4 30
2535 4
+40 3
+22 1
+1 1
-1 1
+1 5
+2 2
+1 2
cfi=(124)
cfn=(414)
calls=1 46 
* 27
+12 2
+8 2
+1 9
2310 21
cfi=(166)
cfn=(590)
calls=3 48 
* 60
+2 6

fl=(71)
fn=(234)
33 1
fi=(63) /build/glibc-eX1tMB/glibc-2.31/string/../sysdeps/x86_64/multiarch/ifunc-memmove.h
+12 3
-1 2
+5 2
-1 2
+12 2
+2 5
fe=(71)

fl=(92)
fn=(280)
31 1
fi=(221)
+1 4
fe=(92)
-1 1

fl=(134) /build/glibc-eX1tMB/glibc-2.31/setjmp/../sysdeps/x86_64/bsd-_setjmp.S
fn=(450) _setjmp
28 1
+2 1
+2 1
cfi=(135) /build/glibc-eX1tMB/glibc-2.31/setjmp/../sysdeps/x86_64/setjmp.S
cfn=(452) __sigsetjmp
calls=1 -2 
* 31

fl=(121) /build/glibc-eX1tMB/glibc-2.31/elf/dl-addr.c
fn=(390) _dl_addr
126 7
+2 1
-2 4
+5 1
-5 1
+5 2
cob=(1)
cfi=(2)
cfn=(52)
calls=1 801 
* 3
+2 2
cob=(2)
cfi=(18)
cfn=(392) 0x000000000486d510
calls=1 0 
* 870
+2 2
30 4
+4 2
+5 1
+6 1
-7 1
+2 2
+2 1
-2 1
+2 2
+3 2
+4 5
-5 4
+5 4043
+2 1010
+1 2020
-1 1
+1 2
+2 2757
+10 9296
+1 14950
+5 7065
-10 7065
+1 14130
+2 7034
+37 2
+1 1
+1 3
+3 2
+36 2
cob=(1)
cfi=(2)
cfn=(54)
calls=1 807 
* 3
+3 9
-79 2007
+52 1
+21 1
-21 2

fl=(132)
fn=(434)
26 2
+1 4
+1 2

fl=(133)
fn=(436)
78 10
+1 2

fl=(125) /build/glibc-eX1tMB/glibc-2.31/misc/sbrk.c
fn=(416) sbrk
32 234
+8 78
-8 156
+8 465
+4 156
+4 462
+5 15
+7 80
-19 2
cfi=(126) /build/glibc-eX1tMB/glibc-2.31/misc/../sysdeps/unix/sysv/linux/x86_64/brk.c
cfn=(418) brk
calls=1 -13 
* 11
* 4
+15 154
cfi=(126)
cfn=(418)
calls=77 -28 
* 877
* 154
+4 310

fl=(171) /build/glibc-eX1tMB/glibc-2.31/string/strtok_r.c
fn=(626) strtok_r
43 8300803
+3 2371658
+3 2371658
+7 3308496
cob=(2)
cfi=(18)
cfn=(628) 0x000000000486d3e0
calls=1102832 -56 
* 183381510
* 1102832
+1 2205664
+7 2895084
cob=(2)
cfi=(18)
cfn=(636) 0x000000000486d520
calls=965028 -64 
* 173217987
* 965028
+1 1930056
+7 965028
+1 1930056
+2 4825140
-16 220801
+1 220801
+15 1104005
-28 2025762

fl=(204) /build/glibc-eX1tMB/glibc-2.31/stdlib/exit.c
fn=(772) __run_exit_handlers
40 11
+5 3
+11 3
fi=(114) /build/glibc-eX1tMB/glibc-2.31/stdlib/../sysdeps/unix/sysv/linux/x86/lowlevellock.h
-9 1
fe=(204)
+9 3
fi=(114)
-9 1
fe=(204)
+9 2
fi=(114)
-9 2
fe=(204)
+12 2
+2 5
+51 2
fi=(114)
-65 2
fe=(204)
+65 4
fi=(114)
-65 2
fe=(204)
+67 4
-44 9
+2 2
+1 2
-1 2
+4 8
+1 16
+29 2
+2 2
-5 2
+5 2
-2 4
+2 2
cob=(1)
cfi=(211)
cfn=(794)
calls=1 -78 
* 740
cfi=(115) /build/glibc-eX1tMB/glibc-2.31/gmon/gmon.c
cfn=(778) _mcleanup
calls=1 440 
* 4313
+1 2
+11 2
+1 2
+5 5
-61 1
+1 4
+63 2
+1 10
cfi=(141)
cfn=(840) _IO_cleanup
calls=1 863 
* 348
* 3
+2 2
cfi=(215)
cfn=(858)
calls=1 27 
* 6
-86 1
cfi=(205)
cfn=(774)
calls=1 +99 
* 12
* 1

fn=(770) exit
138 3
+1 3
-1 1
+1 1
cfn=(772)
calls=1 -99 
* 5554

fl=(75)
fn=(244)
53 2
-12 6
-2 2
+2 2
-2 4
+14 2

fl=(83)
fn=(260)
29 1
fi=(63)
+16 3
-1 2
+5 2
-1 2
+12 2
+2 5
fe=(83)

fl=(107) /build/glibc-eX1tMB/glibc-2.31/ctype/ctype-info.c
fn=(334) __ctype_init
29 1
+2 7
+2 4
+2 4
+1 1

fl=(70)
fn=(232)
30 1
fi=(218)
+2 3
-2 6
fe=(70)

fl=(124)
fn=(414)
46 156
+1 78
cfi=(125)
cfn=(416)
calls=78 -15 
* 3158
+2 234
+3 156

fl=(181) /build/glibc-eX1tMB/glibc-2.31/stdlib/msort.c
fn=(678) qsort_r
166 17
+6 2
-5 2
+8 2
+10 3
+29 6
+7 1
+1 1
-1 2
+1 1
cob=(2)
cfi=(18)
cfn=(536) 0x000000000486d310
calls=1 0 
* 273
+1 1
-1 1
+1 1
+1 2
+7 2
+3 1
+1 1
+1 1
+1 1
+2 2
+45 2
+1 2
45 6
cfn=(692) msort_with_tmp.part.0
calls=1 -5 
* 268325502
299 2
cob=(2)
cfi=(18)
cfn=(696) 0x000000000486d330
calls=1 0 
* 73
+1 11
187 2
cfi=(182) /build/glibc-eX1tMB/glibc-2.31/posix/../sysdeps/unix/sysv/linux/x86/sysconf.c
cfn=(680) sysconf
calls=1 32 
* 125
+2 7
+9 1
+5 2
cfi=(182)
cfn=(680)
calls=1 32 
* 44
* 3
+84 2
+2 2
+1 2
+1 2

fn=(676) qsort
307 1
+1 2
cfn=(678)
calls=1 166 
* 268326113

fn=(692)
40 6
+8 1
-8 1
+8 1
+1 2
-9 1
+11 1
-11 1
+11 1
-11 2
+11 1
-6 4
cfn=(693) msort_with_tmp.part.0'2
calls=1 -5 
* 126964623
* 7
cfn=(693)
calls=1 -5 
* 127092433
+12 1
-1 2
+4 1
-3 1
+1 1
+1 1
-1 1
+2 5
-10 2
+33 5
cob=(5)
cfi=(111)
cfn=(694)
calls=1 -83 
* 41
* 1150670
cob=(5)
cfi=(111)
cfn=(694)
calls=230134 -83 
* 9435494
* 460270
+8 48616
+4 48616
-3 48616
+1 48616
-12 97232
+79 6
+1 7
-1 1
cob=(2)
cfi=(18)
cfn=(618) 0x000000000486d4d0
calls=1 0 
* 1841097
-75 181519
+10 181519
-9 181519
+1 181519
-6 363039

fn=(693)
40 2178222
+8 363037
-8 363037
+8 363037
+1 726074
-9 363037
+11 363037
-11 363037
+11 363037
-11 726074
+11 363037
-6 988214
cfn=(693)
calls=131070 -5 
* 1078102408
* 1885899
cfn=(693)
calls=231965 -5 
* 1103985182
+12 231965
-1 463930
+4 231965
-3 231965
+1 231965
+1 231965
-1 231965
+2 1159825
-10 726074
+33 1815185
cob=(5)
cfi=(111)
cfn=(694)
calls=363037 -83 
* 14884517
* 17787320
cob=(5)
cfi=(111)
cfn=(694)
calls=3557464 -83 
* 145856024
* 7841002
+8 856804
+4 856804
-3 856804
+1 856804
-12 1749390
+78 178910
cob=(2)
cfi=(18)
cfn=(618)
calls=35782 0 
* 534656
+1 2178222
+1 2541259
-1 363037
cob=(2)
cfi=(18)
cfn=(618)
calls=363037 0 
* 21074403
56 131072
+1 131072
-1 131072
+3 131072
-2 131072
+1 131072
+2 131072
-2 131072
+2 655360
+21 262144
+4 3063697
+10 3063697
-9 3063697
+1 3063697
-6 6454649

fl=(87)
fn=(270)
43 1
-6 5
+6 1

fl=(115)
fn=(780) write_gmon
355 1
+4 1
-4 10
+4 1
cfi=(206) /build/glibc-eX1tMB/glibc-2.31/stdlib/getenv.c
cfn=(782) getenv
calls=1 34 
* 261
+1 2
+10 5
cfi=(207) /build/glibc-eX1tMB/glibc-2.31/io/../sysdeps/unix/sysv/linux/open64_nocancel.c
cfn=(784) __open_nocancel
calls=1 34 
* 30
* 1
+2 2
+23 1
+3 2
-3 1
+1 1
211 1
397 2
+1 1
cfi=(208) /build/glibc-eX1tMB/glibc-2.31/io/../sysdeps/unix/sysv/linux/write_nocancel.c
cfn=(786) __write_nocancel
calls=1 25 
* 6
+5 2
-2 1
+2 1
cfi=(209) /build/glibc-eX1tMB/glibc-2.31/elf/dl-iteratephdr.c
cfn=(788) dl_iterate_phdr
calls=1 34 
* 86
200 1
-2 1
407 1
200 2
+49 1
+9 5
+5 3
-3 1
+1 1
+3 1
-6 2
+5 93
-3 31
+1 31
+3 31
-6 62
+11 1
-2 1
+2 1122
+2 1488
+5 147
+14 21
-1 21
+1 42
+1 42
-1 21
+2 42
+1 42
+2 21
-2 105
+2 42
-5 3
-1 3
+1 6
+1 6
-1 3
+2 6
+1 6
+2 3
-2 15
+2 6
-16 24
-2 69
-8 1
+33 2
+1 1
fi=(210) /build/glibc-eX1tMB/glibc-2.31/gmon/../sysdeps/unix/sysv/linux/not-cancel.h
69 3
fe=(115)
332 1
-17 1
fi=(210)
69 1
fe=(115)
311 1
+4 3
+10 1
+1 1
-1 1
+1 1
-1 1
+1 1
-1 1
+1 1
+6 2
fi=(210)
60 2
cfi=(203)
cfn=(760)
calls=1 -35 
* 6
fe=(115)
416 11
233 2
-22 2
+22 1
+2 1
-24 2
+22 1
-22 4
+24 1
-2 1
+3 1
cfi=(132)
cfn=(434)
calls=1 26 
* 4
fi=(210)
69 3
fe=(115)
236 1
fi=(210)
69 1
fe=(115)
237 4
fi=(210)
69 1
fe=(115)
237 2
+1 1
fi=(210)
69 3
fe=(115)

fn=(790) callback
54 1
+1 1
+11 1
-11 2
+7 2
+1 1
+4 1

fn=(368) monstartup
123 2
+9 1
-9 1
+9 1
-9 2
+10 2
+1 2
-11 1
+9 1
+3 1
+11 1
-13 1
+2 1
-1 1
+1 1
+10 1
-9 1
-1 2
+8 1
+4 2
+6 2
-2 1
+2 2
cob=(2)
cfi=(18)
cfn=(370) 0x000000000486d550
calls=1 0 
* 85747
+1 2
+8 1
+7 1
-8 1
+27 1
-21 1
-3 1
+6 1
-7 1
+1 1
+6 2
+3 10
-72 3
+6 3
cfi=(128)
cfn=(426)
calls=1 -41 
* 157
+1 1
+83 6
-45 6
+3 2
+1 1
-4 3

fn=(778)
440 1
101 2
440 1
113 5
cfi=(128)
cfn=(426)
calls=1 -47 
* 101
+1 1
444 1
cfn=(780)
calls=1 -89 
* 4073
+3 1
+1 1
-1 1
cob=(2)
cfi=(18)
cfn=(696)
calls=1 0 
* 125

fl=(126)
fn=(418)
28 78
+3 468
+2 156
+6 63
+1 63
-5 30
+1 30

fl=(129)
fn=(428)
23 2
+1 6
fi=(130) /build/glibc-eX1tMB/glibc-2.31/signal/../sysdeps/unix/sysv/linux/internal-signals.h
+22 2
fe=(129)
-22 4
+6 2
cfi=(131) /build/glibc-eX1tMB/glibc-2.31/signal/../sysdeps/unix/sysv/linux/sigaction.c
cfn=(432) __libc_sigaction
calls=2 +13 
* 126

fl=(196) /build/glibc-eX1tMB/glibc-2.31/nptl/alloca_cutoff.c
fn=(726) __libc_alloca_cutoff
27 1
+1 9
+7 1

fl=(145) /build/glibc-eX1tMB/glibc-2.31/stdlib/../stdlib/strtol.c
fn=(498) __strtol_internal
97 7
+1 21
cfi=(146) /build/glibc-eX1tMB/glibc-2.31/stdlib/../stdlib/strtol_l.c
cfn=(500) ____strtol_l_internal
calls=7 226 
* 802

fl=(186)
fn=(702)
78 10
+1 2

fn=(688) sysinfo
78 5
+1 1

fl=(213) /build/glibc-eX1tMB/glibc-2.31/nptl/register-atfork.c
fn=(808) __unregister_atfork
79 6
+1 6
fi=(214) /build/glibc-eX1tMB/glibc-2.31/nptl/../sysdeps/unix/sysv/linux/x86/lowlevellock.h
-33 4
fe=(213)
+35 2
-14 4
+38 8
+1 4

fl=(89)
fn=(274)
49 1
-9 3
-2 1
+2 1
-2 2
+11 1

fl=(162) /build/glibc-eX1tMB/glibc-2.31/libio/iofopen.c
fn=(566) fopen@@GLIBC_2.2.5
85 6
-20 1
+20 2
-20 1
cob=(2)
cfi=(18)
cfn=(536)
calls=1 -65 
* 186
+2 3
+3 1
+2 2
-2 1
+2 5
cfi=(141)
cfn=(476) _IO_no_init
calls=1 563 
* 53
+1 1
+1 1
-1 1
+1 1
cfi=(153) /build/glibc-eX1tMB/glibc-2.31/libio/fileops.c
cfn=(568) _IO_new_file_init_internal
calls=1 +33 
* 94
+1 5
cfi=(153)
cfn=(574) _IO_file_fopen@@GLIBC_2.2.5
calls=1 214 
* 204
* 2
-38 2
+50 7

fl=(66)
fn=(224)
29 1
fi=(217)
+7 3
-2 1
+2 1
-2 2
fe=(66)
-5 1

fl=(164) /build/glibc-eX1tMB/glibc-2.31/io/../sysdeps/unix/sysv/linux/open64.c
fn=(578) open
37 2
+3 1
-3 8
+3 6
+8 10
+2 7

fl=(208)
fn=(786)
25 1
+1 4
+1 1

fl=(113) /build/glibc-eX1tMB/glibc-2.31/stdlib/cxa_atexit.c
fn=(356) __new_exitfn
82 2
+6 4
-6 8
+11 8
-10 4
+12 4
+1 5
-1 4
-2 1
+10 1
-10 3
+13 2
+25 1
+1 2
-1 2
+7 1
+5 1
-4 1
+4 4
-5 1
+5 1
-4 1
+4 4
-18 1
-1 1
+1 1

fn=(352) __cxa_atexit
69 12
-28 6
+2 2
fi=(114)
+4 2
fe=(113)
-4 4
fi=(114)
+4 4
fe=(113)
-3 4
cfn=(356)
calls=2 +38 
* 68
+2 4
+10 2
-3 2
+5 2
-5 4
+3 2
-1 2
+1 2
+3 8
+12 10

fl=(85)
fn=(266)
31 2
fi=(86) /build/glibc-eX1tMB/glibc-2.31/wcsmbs/../sysdeps/x86_64/multiarch/ifunc-wmemset.h
+1 4
-2 2
+2 6
-2 4
+5 2
-1 2
+1 2
-1 6
fe=(85)
-3 4

fl=(144) /build/glibc-eX1tMB/glibc-2.31/stdio-common/vfscanf-internal.c
fn=(488) __vfscanf_internal
278 112
+10 21
+1 7
fi=(147) /build/glibc-eX1tMB/glibc-2.31/stdio-common/../include/scratch_buffer.h
78 7
fe=(144)
289 7
fi=(147)
77 14
fe=(144)
339 7
fi=(147)
77 7
fe=(144)
339 28
+6 21
+3 35
+4 7
+20 7
-20 7
+20 7
-13 14
+6 7
+2 28
+5 49
+9 7
-4 7
+4 21
569 7
284 7
-1 7
+49 7
-39 7
569 28
2428 14
282 7
2428 21
328 14
-1 21
-1 7
-1 7
-12 7
418 14
+23 14
+1 14
-61 28
3020 35
222 14
+1 7
487 7
223 7
-1 14
487 14
222 7
487 14
611 28
+5 21
+1 21
+3 7
+1 7
-1 7
+1 70
+6 42
+3 14
-3 14
+3 21
-3 14
+3 49
+1 14
+1 63
cfi=(141)
cfn=(490) _IO_sputbackc
calls=7 +3 
* 133
+4 63
345 14
3030 35
fi=(147)
85 21
fe=(144)
3034 14
+17 14
+6 84
481 7
+22 28
+21 14
+4 14
-4 14
+7 63
+86 21
1397 56
+5 7
-5 7
+5 21
+9 14
+23 21
+3 14
1732 21
+9 7
fi=(147)
113 35
fe=(144)
1741 14
fi=(147)
113 21
fe=(144)
1739 72
+57 12
260 24
+3 36
1798 48
+2 85
-68 10
+2 24
+69 14
214 7
1810 14
214 14
1811 14
+28 14
260 21
+3 21
1843 14
+17 14
+1 35
-1 21
+1 7
cfi=(145)
cfn=(498)
calls=7 97 
* 830
* 7
+6 21
+3 35
+2 21
+4 14
+23 14
1732 7
1430 14
1800 14
cfi=(141)
cfn=(492) __uflow
calls=7 299 
* 518
* 77
1437 14
632 7
1389 7
-1 7
+2 7
1812 12
+1 12
+65 14
+17 70
-15 14
+1 21

fl=(167) /build/glibc-eX1tMB/glibc-2.31/libio/iofgets.c
fn=(598) fgets
32 172949
+5 345898
-5 1210643
+7 518847
+8 2940133
+4 172949
+1 172949
+1 345898
-1 172949
+1 691796
-2 172949
+2 172949
cfi=(168) /build/glibc-eX1tMB/glibc-2.31/libio/iogetline.c
cfn=(600) _IO_getline
calls=172949 -20 
* 19549004
+3 172949
+1 172949
-1 345898
+7 2
fi=(159) /build/glibc-eX1tMB/glibc-2.31/libio/libioP.h
884 2
+1 1729490
fe=(167)
66 1210643
-10 345896
+4 172948
+1 172948
-1 172948
+3 345896
fi=(159)
884 518844
fe=(167)

fl=(209)
fn=(788)
34 9
+6 1
-6 1
+6 1
-6 3
+6 1
cob=(1)
cfi=(2)
cfn=(52)
calls=1 801 
* 3
+9 1
-4 1
+3 1
+1 3
+14 7
+2 3
+1 1
+5 1
-5 1
+1 2
+1 2
+1 2
+1 2
+2 2
+1 2
+2 5
cfi=(115)
cfn=(790)
calls=1 -21 
* 9
+1 3
+6 2
cob=(1)
cfi=(2)
cfn=(54)
calls=1 807 
* 3
+3 12
-39 2

fl=(195) /build/glibc-eX1tMB/glibc-2.31/stdlib/../sysdeps/x86_64/rshift.S
fn=(724) __mpn_rshift
28 2
+1 2
+1 2
+1 2
+13 2
+1 2
+16 2
+1 2
+1 2
+1 2
+1 2
+1 2
+1 2
+5 2
+1 2
+1 2
+1 2
+1 2

fl=(149) /build/glibc-eX1tMB/glibc-2.31/stdio-common/vfprintf-internal.c
fn=(510) __vfprintf_internal
1289 240
+31 45
+8 46
+4 75
+11 45
+11 30
fi=(222) /build/glibc-eX1tMB/glibc-2.31/stdio-common/printf-parse.h
111 30
fe=(149)
1354 30
fi=(222)
111 15
cob=(2)
cfi=(18)
cfn=(512) 0x000000000486d390
calls=15 0 
* 381
fe=(149)
1369 30
fi=(222)
111 15
fe=(149)
1369 15
fi=(152) /build/glibc-eX1tMB/glibc-2.31/stdio-common/../libio/libioP.h
941 15
fe=(149)
1373 15
fi=(152)
941 30
+2 15
-2 30
+2 30
+1 30
fe=(149)
1373 90
cfi=(153)
cfn=(520) _IO_file_xsputn@@GLIBC_2.2.5
calls=15 1198 
* 936
* 60
+4 15
-4 15
+4 30
+4 120
-57 15
1687 15
1358 15
-8 15
1687 135
1423 217
-3 31
-5 31
+8 31
-11 62
-1 31
+12 31
-13 31
+13 31
-14 31
-1 93
-1 31
-1 62
-1 31
-1 31
-1 31
-1 31
+17 31
-3 31
+4 62
-92 28
1741 105
+1 45
+3 180
1369 105
+1 105
fi=(151) /build/glibc-eX1tMB/glibc-2.31/stdio-common/../sysdeps/unix/sysv/linux/x86/lowlevellock.h
47 30
fe=(149)
1370 60
1741 90
-36 31
+2 62
+8 31
fi=(222)
111 155
cob=(2)
cfi=(18)
cfn=(512)
calls=31 0 
* 742
fe=(149)
1719 62
fi=(222)
111 31
fe=(149)
1719 93
fi=(152)
943 62
+1 62
fe=(149)
1719 217
cfi=(153)
cfn=(520)
calls=31 1198 
* 5057
* 279
+2 92
-33 412
fi=(152)
943 30
+1 45
fe=(149)
1688 75
cfi=(153)
cfn=(520)
calls=15 1198 
* 2390
* 165
-1 70
cfi=(190) /build/glibc-eX1tMB/glibc-2.31/stdio-common/printf_fp.c
cfn=(712) __printf_fp
calls=1 1266 
* 2711
* 167
cfi=(158) /build/glibc-eX1tMB/glibc-2.31/stdio-common/_itoa.c
cfn=(550) _itoa_word
calls=15 165 
* 768
* 510
fi=(152)
943 30
+1 30
fe=(149)
1687 105
cfi=(153)
cfn=(520)
calls=15 1198 
* 1255
* 630
+1 30
-1 60
+1 8
-1 45
+1 75
cob=(2)
cfi=(18)
cfn=(522) 0x000000000486d460
calls=15 0 
* 306
* 15
-1 195

fl=(178) /build/glibc-eX1tMB/glibc-2.31/string/../sysdeps/x86_64/multiarch/strcmp-avx2.S
fn=(664) __strcmp_avx2
79 1317837
+13 1317837
+1 1317837
+2 1317837
+1 1317837
+1 1317837
+1 1317837
+1 1317837
+2 1157217
+1 1157217
+1 1157217
+1 1157217
+1 1157217
+1 1157217
+1 1157217
+1 1157217
+18 1157217
+1 1157217
+1 1157217
+2 1157217
+1 1157217
636 312
+2 312
+1 312
+1 312
+1 312
+9 312
+1 312
+3 312
+1 312
+3 150
+4 150
+1 150
+39 160387
+1 160387
+4 160387
+11 160387
+1 160387
+1 160387
+2 160387
+1 160387
+10 160620
+1 160620
+2 47921
+1 47921
+1 47921
+1 47921
+1 47921
+1 47921
+1 47921
+15 112699
+1 112699
+1 112699
+1 112699
+1 112699
+1 112699
+1 112699
+1 112699
+1 112699
+2 233
+2 233
+13 233
+1 233
+23 233
+1 233
+31 233
+1 233
+2 233
+1 233
+1 83
+1 83
+1 83

fl=(131)
fn=(432)
43 12
+5 4
+2 2
+1 2
+7 2
-7 8
-1 2
+3 2
-2 10
+7 2
-5 2
+5 2
-7 2
+2 2
-2 2
+2 6
+5 4
-7 8
+7 12
+4 6
+2 1
+1 4
-1 1
+2 1
-1 6
+1 1
+1 1
-2 2
+2 1
-2 4
+5 12

fl=(161) /build/glibc-eX1tMB/glibc-2.31/debug/printf_chk.c
fn=(562) __printf_chk
25 67
+7 1
-4 2
+4 2
-4 1
+5 1
-1 1
+1 1
-5 1
+4 1
+1 1
-1 1
+1 1
cfi=(149)
cfn=(510)
calls=1 1289 
* 3402
-8 18
+7 6
-4 12
+4 12
-4 6
+5 6
-1 6
+1 6
-5 6
+4 6
+1 6
-1 6
+1 6
cfi=(149)
cfn=(510)
calls=6 1289 
* 8644
+4 35

fl=(192) /build/glibc-eX1tMB/glibc-2.31/stdlib/../sysdeps/ieee754/dbl-64/dbl2mpn.c
fn=(718) __mpn_extract_double
33 1
+4 1
-2 1
+2 2
+1 1
+9 1
-9 1
+9 1
+9 1
-18 3
+9 1
+9 2
+47 1
+4 1
-4 1
+4 1

fl=(153)
fn=(520)
1198 304
+7 76
-7 304
+6 416
+7 264
+17 3
+6 65
+2 65
+2 195
-2 65
cob=(2)
cfi=(18)
cfn=(544) 0x000000000486d5a0
calls=65 0 
* 1234
+1 65
+1 65
-2 65
+4 230
+28 684
-55 65
+4 65
-4 65
+1 130
+18 1
+12 1
fi=(159)
941 3
+2 2
+1 2
fe=(153)
1244 15
fi=(159)
941 45
+2 30
+1 30
fe=(153)
1244 48
cfn=(526) _IO_file_overflow@@GLIBC_2.2.5
calls=16 732 
* 2350
* 32
+6 32
+1 112
+2 32
+11 48
+1 4
cfi=(141)
cfn=(542) _IO_default_xsputn
calls=1 371 
* 403
* 3
-46 1038
-2 892
+4 15
+11 45
fi=(159)
947 30
fe=(153)

fn=(556) _IO_file_write@@GLIBC_2.2.5
1174 105
+2 90
+5 15
cfi=(160) /build/glibc-eX1tMB/glibc-2.31/io/../sysdeps/unix/sysv/linux/write.c
cfn=(558) write
calls=15 25 
* 136
+1 30
+5 15
+1 15
-12 30
+2 15
+2 30
+1 30
+10 45
+3 135

fn=(574)
214 11
+9 2
+2 6
357 12
248 6
+33 4
cfn=(576) _IO_file_open
calls=1 -98 
* 86
* 1
+3 2
+3 3
cfi=(165)
cfn=(580)
calls=1 77 
* 62
* 1
+1 2
-40 2
-19 1
-1 1
-13 2

fn=(604) _IO_file_underflow@@GLIBC_2.2.5
462 1291
+4 3873
-4 10328
+7 2582
+6 3873
+3 2582
+12 2580
fi=(159)
885 6455
fe=(153)
506 2582
cfi=(141)
cfn=(608) _IO_switch_to_get_mode
calls=1291 164 
* 32275
+11 1291
-5 2582
fi=(159)
943 1291
fe=(153)
512 1291
fi=(159)
943 1291
fe=(153)
512 3873
fi=(159)
944 2582
fe=(153)
517 5164
cfn=(610) _IO_file_read
calls=1291 1131 
* 18428
+2 2582
+16 1290
-9 1290
+9 2580
+2 2580
+1 10320
-6 2
-10 4
+11 1
-11 2
+16 8
-57 3
+5 2
cfi=(141)
cfn=(528) _IO_doallocbuf
calls=1 343 
* 305
* 1
+4 3

fn=(766) _IO_file_finish@@GLIBC_2.2.5
169 5
+1 2
+7 1
-1 2
+1 2
-1 1
cfi=(141)
cfn=(768) _IO_default_finish
calls=1 601 
* 16

fn=(856) _IO_file_sync@@GLIBC_2.2.5
793 5
+5 4
+2 1
+1 2
+11 2
+4 4

fn=(526)
732 160
+1 128
+7 189
+35 62
+3 32
+3 48
+1 48
+1 64
+4 16
+1 64
-45 2
+12 2
+9 4
+5 2
+2 1
-2 1
+2 1
-2 2
+2 1
+1 1
-3 4
+3 4
+1 1
+2 2
+13 16
-12 16
+1 16
+11 32
-12 16
cfn=(540) _IO_do_write@@GLIBC_2.2.5
calls=16 424 
* 1626
-31 2
cfi=(141)
cfn=(528)
calls=1 343 
* 325
+1 6

fn=(532) _IO_file_stat
1147 4
+1 6
cfi=(156) /build/glibc-eX1tMB/glibc-2.31/io/../sysdeps/unix/sysv/linux/wordsize-64/fxstat.c
cfn=(534) _fxstat
calls=2 33 
* 22

fn=(754) _IO_file_close_it@@GLIBC_2.2.5
129 4
+2 3
+4 2
+3 1
-3 1
-1 2
+6 1
+3 1
-3 1
cfi=(141)
cfn=(756) _IO_unsave_markers
calls=1 960 
* 10
+3 3
fi=(159)
941 3
+2 2
+1 2
fe=(153)
143 2
cfn=(758) _IO_file_close
calls=1 1165 
* 9
* 1
+3 3
+8 5
cfi=(141)
cfn=(486)
calls=1 329 
* 155
+1 1
+3 1
-3 3
+3 1
cfi=(141)
cfn=(746) _IO_un_link
calls=1 53 
* 4
+5 1
-4 1
+1 1
+3 1
-2 1
+3 5

fn=(758)
1165 1
+3 2
cfi=(203)
cfn=(760)
calls=1 25 
* 6

fn=(568)
107 1
+5 1
-5 2
+4 1
+3 1
cfi=(141)
cfn=(570) _IO_link_in
calls=1 -27 
* 85
+1 1
+1 2

fn=(576)
183 2
+3 1
-3 7
+2 2
+4 1
cfi=(164)
cfn=(578)
calls=1 37 
* 34
* 1
+1 2
+3 2
+3 1
-4 1
+1 4
+3 2
+10 2
cfi=(141)
cfn=(570)
calls=1 87 
* 19
+1 1
+1 4

fn=(852) _IO_file_setbuf@@GLIBC_2.2.5
382 3
+1 1
cfi=(141)
cfn=(854) _IO_default_setbuf
calls=1 +69 
* 70
* 2
+5 1
+2 2
-2 3
+3 2

fn=(540)
424 16
+2 48
+1 1
-3 240
+10 30
+7 60
fi=(159)
944 30
fe=(153)
449 60
cfn=(556)
calls=15 1174 
* 691
* 15
+1 75
+2 15
+4 15
-4 45
+1 30
+3 30
-2 15
-28 60
+1 120
+28 30

fn=(610)
1131 1291
+1 1291
+2 1291
-1 1291
+1 2582
cfi=(169) /build/glibc-eX1tMB/glibc-2.31/io/../sysdeps/unix/sysv/linux/read.c
cfn=(612) read
calls=1291 25 
* 10682

fl=(189) /build/glibc-eX1tMB/glibc-2.31/time/../sysdeps/unix/sysv/linux/clock_gettime.c
fn=(710) clock_gettime@@GLIBC_2.17
31 6
+7 11
+35 4

fl=(136) /build/glibc-eX1tMB/glibc-2.31/setjmp/sigjmp.c
fn=(454) __sigjmp_save
28 3
+2 2
-1 1
+5 3

fl=(98)
fn=(292)
29 1
fi=(99) /build/glibc-eX1tMB/glibc-2.31/wcsmbs/../sysdeps/x86_64/multiarch/ifunc-memcmp.h
+3 1
+1 3
-1 2
+2 3
+1 2
fe=(98)
-6 1

fl=(156)
fn=(534)
33 8
+1 4
+1 8
+4 2

fl=(90)
fn=(276)
29 1
fi=(219)
+3 3
-2 5
fe=(90)
-1 1

fl=(154) /build/glibc-eX1tMB/glibc-2.31/string/../sysdeps/x86_64/multiarch/strlen-avx2.S
fn=(524) __strlen_avx2
42 17
+13 17
+1 17
+1 17
+3 17
+1 17
+1 17
+3 8
+1 8
+1 8
+8 8
+4 1
+1 1
+1 1
+9 1
+4 9
+1 9
+1 9
+1 9
+2 9
+1 9
+1 9
+1 9
+6 9
+1 9
+1 9
+4 9
+1 9
+26 1
+1 1
+1 1
+1 1
335 8
+1 8
+1 8
+4 8
+1 8

fl=(177) /build/glibc-eX1tMB/glibc-2.31/string/../sysdeps/x86_64/multiarch/strcpy-avx2.S
fn=(646) __strcpy_avx2
50 3258121
+6 3258121
+2 3258121
+5 3258121
+2 3258121
+1 3258121
+1 3258121
+2 363294
+1 363294
+2 363294
+1 363294
+1 363294
+14 363294
+1 363294
+2 1
+1 1
+7 1
+1 1
301 2894827
+1 2894827
+1 2894827
+1 2894827
+10 2894827
+1 2894827
+31 363293
+2 363293
+2 363293
+1 363293
-3 2894827
+2 2894827
+1 2894827
-1 1
+1 1
+1 3258120
+1 3258120
+1 3236073
+1 3236073
+1 2710252
+1 2710252
+1 1256611
+1 1256611
+1 662151
+1 662151
+1 175998
+24 1
+1 1
+1 1
+1 1
+1 1
546 175998
+1 175998
+9 175998
+1 175998
+4 486153
+1 486153
+1 486153
+9 486153
+1 486153
+4 594460
+1 594460
+9 594460
+1 594460
+4 1453641
+1 1453641
+1 1453641
+1 1453641
+10 1453641
+1 1453641
+4 525821
+1 525821
+1 525821
+1 525821
+10 525821
+1 525821
+4 22047
+1 22047
+1 22047
+1 22047
+10 22047
+1 22047
+4 1
+1 1
+1 1
+1 1
+10 1
+1 1

fl=(62)
fn=(216)
29 2
fi=(63)
+16 6
-1 4
+5 4
-1 4
+12 4
+2 10
fe=(62)

fl=(212) /build/glibc-eX1tMB/glibc-2.31/stdlib/cxa_finalize.c
fn=(804) __cxa_finalize
30 18
+3 2
fi=(114)
+14 2
fe=(212)
-14 4
fi=(114)
+14 4
+4 2
fe=(212)
-15 6
+4 14
-4 6
+58 8
+4 12
-4 6
+12 4
+1 4
cfi=(213)
cfn=(808)
calls=2 -28 
* 34
+2 8
+1 16

fl=(104)
fn=(326)
52 4
+3 3
+14 1
+8 1
-10 1
+1 1
+1 1
+8 1
cfi=(105)
cfn=(328)
calls=1 -47 
* 55
+8 2
-5 1
cfi=(107)
cfn=(334)
calls=1 -51 
* 17
-18 1
-7 1
+7 4

fl=(202) /build/glibc-eX1tMB/glibc-2.31/libio/iofclose.c
fn=(744) fclose@@GLIBC_2.2.5
34 5
+14 3
fi=(159)
884 2
+1 3
fe=(202)
57 1
fi=(159)
941 3
+2 2
+1 2
fe=(202)
57 3
cfi=(153)
cfn=(766)
calls=1 169 
* 29
+1 3
fi=(159)
856 4
+1 4
+6 2
cob=(2)
cfi=(18)
cfn=(696)
calls=1 0 
* 84
fe=(202)
76 5
-27 1
cfi=(141)
cfn=(746)
calls=1 +4 
* 93
+2 10
fi=(163) /build/glibc-eX1tMB/glibc-2.31/libio/../sysdeps/unix/sysv/linux/x86/lowlevellock.h
-4 2
fe=(202)
+4 4
+1 4
+1 2
cfi=(153)
cfn=(754)
calls=1 +76 
* 231
* 4
fi=(159)
885 6
fe=(202)
71 2

fl=(80)
fn=(254)
29 1
fi=(220)
+1 5
fe=(80)
-1 1

fl=(170) /build/glibc-eX1tMB/glibc-2.31/string/strtok.c
fn=(624) strtok
32 1185829
+2 2371658
cfi=(171)
cfn=(626)
calls=1185829 +9 
* 393342369

fl=(69)
fn=(230)
31 2
fi=(218)
+1 6
-2 10
fe=(69)
+1 2

fl=(109)
fn=(338)
488 8
+14 6
758 2
+2 1
+1 1
+2 1
-3 1
+5 1
-5 1
+4 3
+4 2
+3 2
+2 1
+1 1
+2 1
-3 1
+5 1
-5 1
+4 3
+9 1
+2 8
-2 1
+3 8
500 1
+4 1
-4 1
+4 1
cfn=(340) handle_intel.constprop.0
calls=1 259 
* 446
+2 1
-2 1
+2 1
cfn=(340)
calls=1 259 
* 487
+5 1
-5 1
+5 1
cfn=(340)
calls=1 259 
* 512
* 1
+8 2
-9 1
+20 1
+5 3
+4 2
+8 6
+3 4
+6 2
-6 9
+6 6
+3 26
+14 2
+4 1
+3 1
+1 1
-4 1
+3 1
-3 1
+3 1
+6 4
-39 6
691 4
+1 5
+4 2
+59 2
564 2
+4 1
+1 1
-1 2
+1 1
+23 2
+8 2
+2 1
-2 6
+2 4
-2 1
+4 1
+23 2
-25 2
+2 6
+2 6
+3 2
+1 8
+2 4
+3 2
+5 1
+2 2
+1 1
+1 1
-2 2
+1 1
+1 1
+27 2
+1 2
+2 1
-1 1
+1 1
-24 2
+3 1
+1 2
+3 1
+2 4
+1 1
+5 2

fn=(342) intel_check_word.isra.0
132 12
-4 36
+10 24
-10 6
+10 18
+2 60
+2 15
+2 30
+8 30
+51 24
+22 12
fi=(110) /build/glibc-eX1tMB/glibc-2.31/string/../bits/stdlib-bsearch.h
28 12
-1 12
+4 24
+1 12
fe=(109)
+87 24
fi=(110)
-88 18
+1 9
fe=(109)
+87 18
+3 81
fi=(110)
-93 192
+2 120
+1 60
fe=(109)
+87 120
+15 3
255 36
fi=(110)
37 15
-8 36
fe=(109)
164 9
+3 9
-6 13
+3 4
+9 4
+23 5
-32 15
+3 15
+4 14
+2 28
+2 14
+2 10
+4 3
+2 6
+2 3
+2 3
-1 3
-1 3
+2 6
-2 3
+3 9
-2 9
+2 6
-10 6
+1 2
-15 1
+7 2
+2 4

fn=(340)
259 21
+2 3
-2 9
+5 6
+8 6
+3 6
-2 3
+2 3
-5 6
+11 15
+5 6
+2 3
+1 3
-1 3
+5 18
cfn=(342)
calls=3 132 
* 960
+2 6
+3 21
cfn=(342)
calls=3 132 
* 308
+2 6
+19 33

fl=(148) /build/glibc-eX1tMB/glibc-2.31/debug/fprintf_chk.c
fn=(508) __fprintf_chk
25 96
+3 16
+4 8
-4 8
+4 8
+1 8
-1 8
-4 8
+4 24
+1 8
cfi=(149)
cfn=(510)
calls=8 1289 
* 9389
+4 40

fl=(207)
fn=(784)
34 2
+3 1
-3 6
+3 2
+8 7
+2 5
-7 2
+1 1
-1 3
+2 1

fl=(194) /build/glibc-eX1tMB/glibc-2.31/stdlib/cmp.c
fn=(722) __mpn_cmp
31 1
+4 2
+2 1
+1 1
+1 2
+8 5

fl=(160)
fn=(558)
25 15
+1 106
+1 15

fl=(199) /build/glibc-eX1tMB/glibc-2.31/stdlib/../sysdeps/x86_64/mul_1.S
fn=(734) __mpn_mul_1
31 9
+1 9
+3 9
+1 9
+1 9
+1 9
+1 9
+2 9
+1 9
+2 9
+1 9
+1 9
+1 9
+1 9
+2 9
+1 9
+1 9
+1 9
+69 9
+2 9
+3 9

fl=(74)
fn=(242)
54 1
-13 3
-2 1
+2 1
-2 2
+15 1

fl=(94)
fn=(284)
29 1
fi=(218)
+3 3
-2 5
fe=(94)
-1 1

fl=(106) /build/glibc-eX1tMB/glibc-2.31/string/../sysdeps/x86_64/multiarch/strrchr-avx2.S
fn=(332) __strrchr_avx2
42 1
+1 1
+1 1
+2 1
+1 1
+3 1
+1 1
+1 1
+2 1
+1 1
+1 1
+1 1
+1 1
+1 1
+2 1
+1 1
+12 1
+1 1
216 1
+1 1
+1 1
+1 1
+1 1
+2 1
+1 1
+1 1
+1 1
+1 1

fl=(137)
fn=(458)
27 10666900
+2 10666900
+2 10666900
+2 10666900
+2 10666900
+2 10666900
+2 10666900
+2 10666900
+2 10666900
+5 10666900
+2 10666900
+1 10666900
cfi=(138)
cfn=(460)
calls=10666900 +9 
* 252472998
+3 10666900
+2 10666900
+2 10666900
+2 10666900
+2 10666900
+2 10666900
+2 10666900
+2 10666900
+2 10666900

fl=(79)
fn=(252)
31 2
fi=(219)
+1 6
-2 10
fe=(79)
+1 2

fl=(82)
fn=(258)
29 2
fi=(217)
+7 6
-2 2
+2 2
-2 4
fe=(82)
-5 2

fl=(88)
fn=(272)
29 1
fi=(220)
+1 5
fe=(88)
-1 1

fl=(68)
fn=(228)
31 1
fi=(219)
+1 3
-2 5
fe=(68)
+1 1

fl=(112)
fn=(350)
137 11
+4 1
-4 3
+4 3
+96 2
+1 3
cfi=(113)
cfn=(352)
calls=1 69 
* 68
+22 4
+3 2
+1 5
cob=(5)
cfi=(111)
cfn=(358)
calls=1 0 
* 86129
+4 4
+15 2
+12 2
cfi=(134)
cfn=(450)
calls=1 28 
* 34
* 1
+1 2
+5 2
+1 2
+3 2
+3 6
cob=(5)
cfi=(111)
cfn=(456)
calls=1 0 
* 1730258578
+34 2
cfi=(204)
cfn=(770)
calls=1 138 
* 5562

fl=(158)
fn=(550)
165 30
+3 60
+2 30
+9 618
+9 30

fl=(193) /build/glibc-eX1tMB/glibc-2.31/stdlib/../sysdeps/x86_64/lshift.S
fn=(720) __mpn_lshift
28 1
+1 1
+1 1
+2 1
+1 1
+1 1
+12 1
+1 1
+1 1
+1 1
+1 1
+1 1
+1 1
+6 1
+1 1
+1 1

fl=(96)
fn=(288)
31 1
fi=(217)
+5 3
-2 1
+2 1
-2 2
fe=(96)
-3 1

fl=(182)
fn=(680)
32 20
+1 6
fi=(183) /build/glibc-eX1tMB/glibc-2.31/posix/../sysdeps/unix/sysv/linux/x86/../sysconf.c
+11 10
fe=(182)
-7 18
fi=(183)
+7 4
fi=(184) /build/glibc-eX1tMB/glibc-2.31/posix/../sysdeps/posix/sysconf.c
+10 12
215 1
cfi=(187)
cfn=(690)
calls=1 27 
* 6
* 2
634 1
cfi=(185) /build/glibc-eX1tMB/glibc-2.31/misc/../sysdeps/unix/sysv/linux/getsysstats.c
cfn=(686) get_phys_pages
calls=1 319 
* 88
* 1
fe=(182)

fl=(108)
fn=(336)
83 1
+1 4
+1 3
+1 3
+2 1

fl=(65)
fn=(222)
31 1
fi=(221)
+1 4
fe=(65)
-1 1

fl=(168)
fn=(600)
33 172949
+1 345898
cfn=(602) _IO_getline_info
calls=172949 +15 
* 19030157

fn=(602)
49 2421286
+2 345898
+2 518847
+2 691796
+28 174144
+2 870720
cob=(2)
cfi=(18)
cfn=(614) 0x000000000486d420
calls=174144 -85 
* 5242386
* 174144
+1 348288
+14 3732
+3 1244
-3 1244
cob=(2)
cfi=(18)
cfn=(618)
calls=1244 0 
* 17953
+2 1244
-1 1244
-46 2488
+2 526305
+1 350870
+2 2582
cfi=(141)
cfn=(492)
calls=1291 299 
* 208516
+1 2582
+6 2580
+11 1242
-1 2484
-22 2580
+52 392
-18 172900
+1 172900
-2 345800
+1 172900
+1 345800
+2 172900
+2 345800
+2 864500
cob=(2)
cfi=(18)
cfn=(618)
calls=172900 -96 
* 2617671
+1 172900
+1 172900
-1 172900
+10 1383200
-44 5
+6 144
+1 144
-16 2

fl=(84)
fn=(264)
49 1
-9 3
-2 1
+2 1
-2 2
+11 1

fl=(169)
fn=(612)
25 1291
+1 8100
+1 1291

fl=(166)
fn=(590)
48 18
+3 36
-3 72
+6 36
+5 108
+2 54
-7 36

fl=(175) /build/glibc-eX1tMB/glibc-2.31/string/../sysdeps/x86_64/multiarch/strcspn-c.c
fn=(638) __strcspn_sse42
83 965028
+1 1930056
+6 2895084
fi=(173)
633 1930056
fe=(175)
127 1930056
+4 1930056
-22 965028
cfi=(176) /build/glibc-eX1tMB/glibc-2.31/string/../sysdeps/x86_64/strcspn.S
cfn=(642) __strcspn_sse2
calls=965028 -81 
* 158742567

fl=(190)
fn=(712)
1266 1
+1 1
-1 2
+1 3
cfn=(714) __printf_fp_l
calls=1 208 
* 2704

fn=(714)
208 17
+50 1
-9 1
+16 1
-7 1
+10 1
-10 4
+10 3
fi=(191) /build/glibc-eX1tMB/glibc-2.31/stdio-common/../include/../locale/localeinfo.h
+47 3
fe=(190)
-44 2
+18 2
+8 1
-71 1
-1 1
378 3
+5 2
+4 7
1260 12
387 6
cfi=(192)
cfn=(718)
calls=1 33 
* 20
* 5
+36 1
+5 1
-5 6
+1 1
+1 2
+3 13
+1 2
-1 1
+1 2
-1 1
+1 2
-1 1
+1 9
+1 1
-1 2
+1 13
+6 1
-6 2
+7 2
+17 7
+16 2
-20 1
-10 1
+10 2
+1 7
+33 3
+41 1
+1 2
-1 1
+1 3
cob=(2)
cfi=(18)
cfn=(618)
calls=1 0 
* 13
* 1
+16 3
+9 12
+2 36
-74 12
-4 12
+4 49
-4 1
+4 4
+2 3
+64 5
cob=(2)
cfi=(18)
cfn=(618)
calls=1 0 
* 13
+1 3
+1 3
+1 1
+3 1
-5 1
+1 1
+1 2
-1 1
+1 1
+5 2
+1 2
+6 2
+4 15
+6 2
822 2
+10 2
-10 1
+10 6
+2 2
+10 2
+62 3
+1 1
-1 4
+7 1
fi=(197) /build/glibc-eX1tMB/glibc-2.31/stdio-common/../sysdeps/pthread/allocalim.h
27 2
cfi=(196)
cfn=(726)
calls=1 * 
* 11
+2 3
fe=(190)
923 17
+4 1
-3 1
+3 2
+3 5
-6 5
+9 3
cfn=(730) hack_digit
calls=1 162 
* 115
* 3
cfn=(730)
calls=1 162 
* 120
* 2
-3 8
+7 6
+2 2
-4 1
+4 1
+14 1
-2 3
+1 4
+1 4
+1 2
+3 6
-1 6
+2 6
-1 6
cfn=(730)
calls=6 162 
* 720
* 6
+3 12
-7 35
428 2
954 3
+15 3
+1 4
cfn=(730)
calls=1 162 
* 120
+2 8
fi=(200) /build/glibc-eX1tMB/glibc-2.31/stdio-common/../sysdeps/generic/get-rounding-mode.h
94 1
+1 7
fi=(201) /build/glibc-eX1tMB/glibc-2.31/stdio-common/../include/rounding-mode.h
-43 4
fe=(190)
1098 3
+13 3
+46 2
+2 3
-2 4
+2 5
+2 9
+10 5
+9 1
+7 1
-7 2
+7 2
+5 3
cob=(2)
cfi=(18)
cfn=(522)
calls=1 0 
* 22
+2 2
-2 1
+2 2
+5 3
+2 1
-2 1
+2 1
+11 17
+7 12
+3 16
+3 16
-6 24
+1 27
+1 2
-2 1
+2 1
cob=(2)
cfi=(18)
cfn=(544)
calls=1 0 
* 20
* 1
-2 2
+10 6
+17 5
+3 2
+7 3
994 4
+5 1
-1 1
+1 4
+5 2
+4 2
+11 2
+69 3
542 3
cfi=(194)
cfn=(722)
calls=1 31 
* 12
* 3
1166 3
846 1
+1 5
+3 4
+2 1
+40 1
-43 1
-1 1
+4 1
+2 2
-7 1
+5 1
+40 1
-45 1
+45 2
1246 121
cfi=(141)
cfn=(740) __overflow
calls=9 199 
* 468
* 18
-78 2
874 2
465 1
-2 1
+2 1
-3 2
+3 4
-3 2
cfi=(193)
cfn=(720)
calls=1 28 
* 16
+4 9
+1 2
+1 5
252 2
634 2
804 1
1195 2
596 2
+3 7
+16 2
+2 1
-2 1
cfi=(195)
cfn=(724)
calls=1 28 
* 18
+3 2
-1 1
+1 1
-1 1
+1 3
cfi=(195)
cfn=(724)
calls=1 28 
* 18
+2 9

fn=(730)
162 36
+3 27
+2 45
+8 18
+21 27
cfi=(199)
cfn=(734)
calls=9 31 
* 189
+1 18
+1 45
+4 45
-23 63
cfi=(198)
cfn=(732)
calls=9 46 
* 418
+2 9
-2 9
+2 27
+1 9
+2 18
+1 72

fl=(143) /build/glibc-eX1tMB/glibc-2.31/string/../sysdeps/x86_64/multiarch/memchr-avx2.S
fn=(616) __memchr_avx2
40 174144
+3 174144
+1 174144
+2 174144
+2 174144
+9 174144
+3 174144
+1 174144
+1 174144
+3 88702
+1 88702
+1 88702
+3 88702
+2 52018
+1 52018
+6 51118
+1 51118
+1 51118
+4 51118
+2 51118
+1 51118
+2 49497
+4 85442
+1 85442
+1 85442
+1 85442
+2 85442
+1 85442
+1 85442
+1 28150
+3 28150
+1 28150
+2 28150
+1 28150
+1 28150
+1 28150
+8 57292
+1 57292
+3 57292
+1 57292
+3 57292
+3 57292
+1 57292
+6 105036
+1 105036
+1 105036
+1 105036
+2 41573
+1 41573
+1 41573
+1 41573
+2 100
+1 100
+1 100
+1 100
+50 3374
+1 3374
+2 1703
+1 1703
+1 1703
+1 1703
+2 673
+1 673
+1 673
+1 673
+2 2
+1 2
+1 2
+2 2
+15 1671
+1 1671
+1 1671
+1 1671
+2 1671
+1 690
+1 690
+2 346
+1 346
+1 346
+1 346
+7 37665
+2 37665
+1 37665
+1 37665
+1 37665
+1 37665
+4 346
+2 346
+1 346
+1 346
+1 346
+1 346
+1 346
+4 2
+2 2
+1 2
+1 2
+1 2
+1 2
+1 2
+15 1244
+2 1244
+1 1244
+5 64493
+1 64493
+1 64493
+1 64493
+4 42144
+1 42144
+1 42144
+1 42144
+1 42144
+4 100
+1 100
+1 100
+1 100
+1 100

fn=(484) __rawmemchr_avx2
40 7
+6 7
+2 7
+9 7
+3 7
+1 7
+1 7
+3 4
+1 4
+1 4
+8 4
+19 3
+1 3
+1 3
+1 3
+2 3
+1 3
+1 3
+1 3
+6 3
+1 3
+1 3
+1 3
302 4
+1 4
+1 4
+1 4

fl=(155) /build/glibc-eX1tMB/glibc-2.31/libio/filedoalloc.c
fn=(530) _IO_file_doallocate
78 18
+6 8
fi=(159)
941 6
+2 4
+1 4
fe=(155)
84 6
cfi=(153)
cfn=(532)
calls=2 1147 
* 32
* 4
+2 8
+11 8
+4 4
cob=(2)
cfi=(18)
cfn=(536)
calls=2 0 
* 382
* 2
+1 4
+2 8
cfi=(141)
cfn=(486)
calls=2 329 
* 50
+1 2
+1 16
-15 1
fi=(223) /build/glibc-eX1tMB/glibc-2.31/libio/../include/sys/sysmacros.h
-44 6
fe=(155)
+44 1
-2 2
+5 2

fl=(146)
fn=(500)
226 21
+54 7
-54 21
+19 7
-19 28
+26 14
+31 28
+9 42
+2 14
+5 14
-1 7
+6 14
+4 14
+10 14
+10 28
-82 14
434 35
+16 7
+10 21
-10 7
+10 7
+12 14
-5 12
+5 12
+1 36
-41 24
+2 48
+2 36
+28 36
+3 24
+11 14
+5 21
+1 7
+5 14
325 14
492 21
-2 14
+17 35
+18 56

fl=(206)
fn=(782)
34 8
+5 8
+3 3
+49 9
-56 1
cob=(2)
cfi=(18)
cfn=(522)
calls=1 -35 
* 22
+38 1
-6 1
-32 1
+37 1
+3 138
+9 68

fl=(141)
fn=(492)
299 6490
+1 3894
+5 6490
+3 2596
+2 2596
+6 2596
+7 1298
fi=(159)
941 3894
+2 2596
+1 2596
fe=(141)
323 1298
+1 1298
-1 1298
+1 2596
-1 1298
cfn=(494) _IO_default_uflow
calls=1298 +38 
* 159710
-2 3894
-21 2596

fn=(748) __GI__IO_un_link.part.0
52 5
+6 1
-6 3
+6 2
+1 6
fi=(163)
-12 2
fe=(141)
+12 2
+2 1
-1 1
-1 1
+2 1
-2 1
+2 7
fi=(163)
-14 1
fe=(141)
+14 2
fi=(163)
-14 1
fe=(141)
+14 2
+2 2
-2 3
+2 2
+2 3
+1 1
+8 2
+2 14
+1 1
+1 8
+1 2
+3 8
-24 4

fn=(746)
53 2
+1 5
cfn=(748)
calls=1 -2 
* 89
+28 1

fn=(840)
863 2
+3 1
-3 9
+3 1
cfn=(842) _IO_flush_all_lockp
calls=1 686 
* 114
-80 1
+80 1
-80 2
+1 6
fi=(163)
47 2
fe=(141)
787 2
+3 1
-3 2
+3 2
fi=(159)
941 2
fe=(141)
807 1
fi=(159)
941 1
fe=(141)
807 2
+31 3
-48 9
+9 9
+2 6
+6 9
fi=(163)
47 2
fe=(141)
807 2
+8 5
+9 1
fi=(159)
943 2
+1 2
fe=(141)
824 4
cfi=(153)
cfn=(852)
calls=1 382 
* 84
+2 3
+4 5
+1 12
+11 8
+1 2
+35 12
-92 4
+33 1
-2 1
+3 1
-3 1
+2 3
-12 5

fn=(476)
563 80
+1 8
cfn=(478) _IO_old_init
calls=8 -33 
* 170
+1 8
+1 16
+2 1
+4 1
+7 1
+2 1
-9 5
+15 1
+1 6
-1 7
+1 42
-2 14

fn=(486)
329 60
+1 20
-1 20
+1 22
+5 10
-3 10
+3 40
-3 20
+2 10
+4 40
-7 1
cob=(2)
cfi=(18)
cfn=(696)
calls=1 0 
* 125
* 2

fn=(490)
635 35
+3 21
+1 14
+9 7
+3 28
-10 14
+1 7
+5 7

fn=(542)
371 1
+3 2
-3 7
fi=(159)
941 1
fe=(141)
371 1
fi=(159)
941 1
fe=(141)
371 1
fi=(159)
941 1
fe=(141)
371 2
+28 23
fi=(159)
943 14
+1 14
fe=(141)
399 28
cfi=(153)
cfn=(526)
calls=7 732 
* 238
* 14
+2 7
-22 39
+25 1
-11 1
+11 7

fn=(570)
87 16
+1 6
+4 1
-2 3
+2 5
+1 6
fi=(163)
-46 2
fe=(141)
+46 2
+2 1
-1 1
-1 2
+2 7
fi=(163)
-48 1
fe=(141)
+48 2
fi=(163)
-48 1
fe=(141)
+48 2
+2 1
-2 2
+3 1
-1 1
+3 14
+1 1
+1 8
+1 2
+3 16

fn=(756)
960 2
+2 1
-2 1
+2 1
+5 3
+2 2

fn=(842)
686 12
+5 4
+1 6
fi=(163)
47 2
fe=(141)
692 2
+3 1
-8 1
+5 2
+3 2
fi=(159)
941 3
fe=(141)
699 2
+10 6
+2 3
-16 9
+2 3
+1 6
+3 23
+14 8
+1 3
+4 12
-29 4

fn=(854)
452 2
fi=(159)
941 1
fe=(141)
452 2
fi=(159)
941 1
fe=(141)
452 1
fi=(159)
941 1
fe=(141)
452 4
+1 1
fi=(159)
943 2
+1 2
fe=(141)
453 2
cfi=(153)
cfn=(856)
calls=1 793 
* 18
* 2
+2 2
+7 1
-7 2
+11 1
+1 1
-1 3
+2 6
-11 1
+1 2
-1 1
330 4
+2 2
+5 1
-5 1
+5 1
-5 1
+5 1

fn=(768)
601 3
+2 3
+6 3
+3 3
54 2
624 2

fn=(478)
531 8
+3 8
-2 8
+1 8
-1 8
+2 16
+16 8
-11 8
+5 8
+6 8
+5 8
-16 48
+16 16
+1 2
+2 8

fn=(494)
361 2596
fi=(159)
941 2596
fe=(141)
361 1298
fi=(159)
941 1298
fe=(141)
361 2596
+1 1298
fi=(159)
943 2596
+1 2596
fe=(141)
362 2596
cfi=(153)
cfn=(604)
calls=1291 462 
* 127187
cfi=(142)
cfn=(496)
calls=7 142 
* 105
+1 2596
+2 5160
+1 5192

fn=(528)
343 2
+1 4
-1 6
+3 8
+1 2
fi=(159)
941 6
+2 4
+1 4
fe=(141)
347 4
cfi=(155)
cfn=(530)
calls=2 78 
* 578
* 4
+3 8

fn=(608)
164 6455
+1 3873
+3 3873
+4 2582
+1 2582
+7 1291
-4 1291
+4 1291
-2 2582
+3 1291
+1 5164

fn=(740)
199 27
+2 27
+2 9
fi=(159)
941 27
+2 18
+1 18
fe=(141)
203 9
+1 18
-1 9
cfi=(153)
cfn=(526)
calls=9 732 
* 306

fl=(185)
fn=(686)
319 7
+3 2
cfi=(186)
cfn=(688)
calls=1 78 
* 6
+1 2
-27 1
cfi=(187)
cfn=(690)
calls=1 27 
* 6
* 1
+2 3
+5 2
+1 3
+2 1
+1 1
-3 2
+2 11
+1 11
-3 22
+20 7

fl=(135)
fn=(452)
30 1
+2 1
+9 1
+1 2
+1 1
+4 1
+1 1
+1 1
+1 1
+1 1
+2 2
+2 1
+1 1
+1 1
+2 2
+2 1
+5 1
+1 1
+17 1
cfi=(136)
cfn=(454)
calls=1 -56 
* 9

fl=(139) /build/glibc-eX1tMB/glibc-2.31/stdio-common/isoc99_sscanf.c
fn=(472) __isoc99_sscanf
24 91
fi=(140) /build/glibc-eX1tMB/glibc-2.31/stdio-common/../libio/strfile.h
+69 28
fe=(139)
-69 21
fi=(140)
+69 14
-1 7
+1 7
cfi=(141)
cfn=(476)
calls=7 563 
* 308
+1 7
+1 28
-1 7
+1 7
cfi=(142)
cfn=(480)
calls=7 -59 
* 572
fe=(139)
-64 21
-1 7
+1 7
-1 35
+1 7
cfi=(144)
cfn=(488)
calls=7 278 
* 4224
+4 56

fl=(176)
fn=(642)
28 965028
+2 965028
+7 965028
+1 965028
+2 965028
+1 965028
+1 965028
+1 965028
+1 31845924
+3 2895084
+7 965028
+1 965028
+1 965028
-2 4825140
+1 4825140
+1 4825140
+1 5790168
+2 5790168
+1 5790168
+1 5790168
+1 5790168
+2 5790168
+1 5790168
+1 5790168
+1 4825140
+2 4825140
+1 4825140
+1 4825140
+1 4825140
+1 4825140
+2 2895084
+12 965028
+2 965028
+1 965028
+1 965028
-4 620447
+2 620447
+1 620447
+1 620447
+2 1329798
+1 1329798
+1 1329798
+2 1131510
+1 1131510
+1 1131510
+2 880672
+1 880672
+1 880672
+2 260225
+1 260225
+1 260225
+2 260225
+7 260225
+4 260225
-14 250838
+1 250838
+2 250838
+7 250838
+4 250838
-13 198288
+2 198288
+7 198288
+4 198288
-11 255677
+7 255677
+4 255677

fl=(188) /build/glibc-eX1tMB/glibc-2.31/time/../sysdeps/unix/sysv/linux/clock.c
fn=(708) clock
25 2
+9 1
-9 3
+9 2
cfi=(189)
cfn=(710)
calls=1 -3 
* 21
* 2
+4 1
-1 1
+1 7
+1 5

fl=(120)
fn=(388)
289 5
+13 1
-8 1
+8 1
+6 4
fi=(118)
1795 3
+3 4
-3 2
+3 504
-3 252
+11 1
fe=(120)
313 2
fi=(118)
1807 1
+2 1
fe=(120)
313 3
cob=(2)
cfi=(18)
cfn=(400) 0x000000000486d450
calls=1 0 
* 787
+1 4
cob=(2)
cfi=(18)
cfn=(400)
calls=1 0 
* 22
+1 4
cob=(2)
cfi=(18)
cfn=(400)
calls=1 0 
* 21
+1 4
cob=(2)
cfi=(18)
cfn=(400)
calls=1 0 
* 22
+1 4
cob=(2)
cfi=(18)
cfn=(400)
calls=1 0 
* 22
+1 4
cob=(2)
cfi=(18)
cfn=(400)
calls=1 0 
* 21
+1 4
cob=(2)
cfi=(18)
cfn=(400)
calls=1 0 
* 22
+1 4
cob=(2)
cfi=(18)
cfn=(400)
calls=1 0 
* 22
+2 4
cob=(2)
cfi=(18)
cfn=(400)
calls=1 0 
* 22
+1 4
cob=(2)
cfi=(18)
cfn=(400)
calls=1 0 
* 22
+1 4
cob=(2)
cfi=(18)
cfn=(400)
calls=1 0 
* 22
+3 4
cob=(2)
cfi=(18)
cfn=(400)
calls=1 0 
* 22
+69 2
+1 2
+3 1
+1 6
-98 5
cfi=(121)
cfn=(390)
calls=1 126 
* 72325
* 2
+1 4

fl=(127) /build/glibc-eX1tMB/glibc-2.31/string/../sysdeps/x86_64/multiarch/memset-vec-unaligned-erms.S
fn=(422) __memset_avx2_unaligned_erms
147 1
+1 1
+1 1
+1 1
+1 10235
+1 1
+1 1
+14 1
+1 3
+5 1
+1 1
+1 1
+1 1
+8 1
+1 1

ob=(2)
fl=(18)
fn=(400)
0 24
cob=(1)
cfi=(8)
cfn=(26)
calls=11 368 
0 218
cob=(1)
cfi=(116)
cfn=(377)
calls=1 67 
0 780
0 5

fn=(470)
0 14
cob=(3)
cfi=(139)
cfn=(472)
calls=7 24 
0 5454

fn=(522)
0 34
cob=(3)
cfi=(154)
cfn=(524)
calls=17 42 
0 316

fn=(802)
0 2
cob=(3)
cfi=(212)
cfn=(804)
calls=1 30 
0 75

fn=(828)
0 2
cob=(3)
cfi=(212)
cfn=(804)
calls=1 30 
0 75

fn=(106)
0 2
cob=(1)
cfi=(36)
cfn=(108)
calls=1 225 
0 2853

fn=(360)
0 6
cob=(5)
cfi=(111)
cfn=(364)
calls=1 0 
0 86075
0 2

fn=(674)
0 2
cob=(3)
cfi=(181)
cfn=(676)
calls=1 307 
0 268326116

fn=(696)
0 8
cob=(3)
cfi=(118)
cfn=(698)
calls=4 3087 
0 399

fn=(392)
0 2
cob=(1)
cfi=(116)
cfn=(377)
calls=1 67 
0 863
0 5

fn=(440)
0 2
cob=(3)
cfi=(113)
cfn=(352)
calls=1 69 
0 72

fn=(582)
0 2
cob=(3)
cfi=(150)
cfn=(584)
calls=1 44 
0 26

fn=(614)
0 348288
cob=(3)
cfi=(143)
cfn=(616)
calls=174144 40 
0 4894098

fn=(44)
0 44
cob=(1)
cfi=(19)
cfn=(46)
calls=22 49 
0 596

fn=(560)
0 14
cob=(3)
cfi=(161)
cfn=(562)
calls=7 25 
0 12264

fn=(658)
0 1452156
cob=(3)
cfi=(118)
cfn=(538)
calls=726078 3023 
0 137019310

fn=(110)
0 6
cob=(1)
cfi=(36)
cfn=(112)
calls=3 175 
0 9006

fn=(482)
0 14
cob=(3)
cfi=(143)
cfn=(484)
calls=7 40 
0 117

fn=(596)
0 345898
cob=(3)
cfi=(167)
cfn=(598)
calls=172949 32 
0 32001326

fn=(628)
0 2205664
cob=(3)
cfi=(172)
cfn=(630)
calls=1102832 61 
0 181175846

fn=(366)
0 2
cob=(3)
cfi=(115)
cfn=(368)
calls=1 123 
0 85983

fn=(512)
0 92
cob=(3)
cfi=(150)
cfn=(514)
calls=46 44 
0 1031

fn=(536)
0 8
cob=(3)
cfi=(118)
cfn=(538)
calls=4 3023 
0 833

fn=(588)
0 4
cob=(3)
cfi=(118)
cfn=(382)
calls=2 3366 
0 570

fn=(622)
0 2371658
cob=(3)
cfi=(170)
cfn=(624)
calls=1185829 32 
0 396899856

fn=(636)
0 1930056
cob=(3)
cfi=(175)
cfn=(638)
calls=965028 83 
0 171287931

fn=(644)
0 6516242
cob=(3)
cfi=(177)
cfn=(646)
calls=3258121 50 
0 92800600

fn=(662)
0 2635674
cob=(3)
cfi=(178)
cfn=(664)
calls=1317837 79 
0 28546428

fn=(92)
0 6
cob=(1)
cfi=(19)
cfn=(94)
calls=3 109 
0 15

fn=(40)
0 16
cob=(1)
cfi=(19)
cfn=(42)
calls=8 92 
0 334

fn=(838)
0 4

fn=(420)
0 2
cob=(3)
cfi=(127)
cfn=(422)
calls=1 167 
0 10251

fn=(564)
0 2
cob=(3)
cfi=(162)
cfn=(566)
calls=1 85 
0 579

fn=(704)
0 2
cob=(3)
cfi=(118)
cfn=(698)
calls=1 3087 
0 71

fn=(742)
0 2
cob=(3)
cfi=(202)
cfn=(744)
calls=1 34 
0 514

fn=(820)
0 4

fn=(330)
0 2
cob=(3)
cfi=(106)
cfn=(332)
calls=1 42 
0 28

fn=(370)
0 2
cob=(1)
cfi=(116)
cfn=(376)
calls=1 67 
0 85740
0 5

fn=(506)
0 16
cob=(3)
cfi=(148)
cfn=(508)
calls=8 25 
0 9621

fn=(544)
0 132
cob=(3)
cfi=(157)
cfn=(546)
calls=66 212 
0 1122

fn=(618)
0 1145932
cob=(3)
cfi=(157)
cfn=(548)
calls=572966 225 
0 24939874

fn=(706)
0 2
cob=(3)
cfi=(188)
cfn=(708)
calls=1 25 
0 45

fn=(316)
0 7

totals: 1730499364
